{"C:\\Users\\david\\sen_project\\Pho-City-Website\\backend\\src\\controllers\\aboutController.js": {"path":"C:\\Users\\david\\sen_project\\Pho-City-Website\\backend\\src\\controllers\\aboutController.js","statementMap":{"0":{"start":{"line":6,"column":2},"end":{"line":57,"column":3}},"1":{"start":{"line":7,"column":20},"end":{"line":9,"column":5}},"2":{"start":{"line":11,"column":4},"end":{"line":32,"column":5}},"3":{"start":{"line":12,"column":6},"end":{"line":31,"column":9}},"4":{"start":{"line":34,"column":4},"end":{"line":53,"column":7}},"5":{"start":{"line":55,"column":4},"end":{"line":55,"column":58}},"6":{"start":{"line":56,"column":4},"end":{"line":56,"column":63}},"7":{"start":{"line":61,"column":2},"end":{"line":136,"column":3}},"8":{"start":{"line":79,"column":8},"end":{"line":79,"column":16}},"9":{"start":{"line":81,"column":4},"end":{"line":83,"column":5}},"10":{"start":{"line":82,"column":6},"end":{"line":82,"column":74}},"11":{"start":{"line":85,"column":4},"end":{"line":129,"column":6}},"12":{"start":{"line":131,"column":3},"end":{"line":131,"column":78}},"13":{"start":{"line":132,"column":4},"end":{"line":132,"column":77}},"14":{"start":{"line":134,"column":4},"end":{"line":134,"column":58}},"15":{"start":{"line":135,"column":4},"end":{"line":135,"column":63}}},"fnMap":{"0":{"name":"getAbout","decl":{"start":{"line":5,"column":22},"end":{"line":5,"column":30}},"loc":{"start":{"line":5,"column":41},"end":{"line":58,"column":1}},"line":5},"1":{"name":"updateAbout","decl":{"start":{"line":60,"column":22},"end":{"line":60,"column":33}},"loc":{"start":{"line":60,"column":44},"end":{"line":137,"column":1}},"line":60}},"branchMap":{"0":{"loc":{"start":{"line":11,"column":4},"end":{"line":32,"column":5}},"type":"if","locations":[{"start":{"line":11,"column":4},"end":{"line":32,"column":5}},{"start":{},"end":{}}],"line":11},"1":{"loc":{"start":{"line":36,"column":29},"end":{"line":36,"column":60}},"type":"binary-expr","locations":[{"start":{"line":36,"column":29},"end":{"line":36,"column":43}},{"start":{"line":36,"column":58},"end":{"line":36,"column":60}}],"line":36},"2":{"loc":{"start":{"line":37,"column":29},"end":{"line":37,"column":60}},"type":"binary-expr","locations":[{"start":{"line":37,"column":29},"end":{"line":37,"column":43}},{"start":{"line":37,"column":58},"end":{"line":37,"column":60}}],"line":37},"3":{"loc":{"start":{"line":38,"column":29},"end":{"line":38,"column":62}},"type":"binary-expr","locations":[{"start":{"line":38,"column":29},"end":{"line":38,"column":47}},{"start":{"line":38,"column":58},"end":{"line":38,"column":62}}],"line":38},"4":{"loc":{"start":{"line":39,"column":29},"end":{"line":39,"column":60}},"type":"binary-expr","locations":[{"start":{"line":39,"column":29},"end":{"line":39,"column":48}},{"start":{"line":39,"column":58},"end":{"line":39,"column":60}}],"line":39},"5":{"loc":{"start":{"line":40,"column":29},"end":{"line":40,"column":60}},"type":"binary-expr","locations":[{"start":{"line":40,"column":29},"end":{"line":40,"column":47}},{"start":{"line":40,"column":58},"end":{"line":40,"column":60}}],"line":40},"6":{"loc":{"start":{"line":41,"column":29},"end":{"line":41,"column":62}},"type":"binary-expr","locations":[{"start":{"line":41,"column":29},"end":{"line":41,"column":52}},{"start":{"line":41,"column":58},"end":{"line":41,"column":62}}],"line":41},"7":{"loc":{"start":{"line":42,"column":29},"end":{"line":42,"column":60}},"type":"binary-expr","locations":[{"start":{"line":42,"column":29},"end":{"line":42,"column":43}},{"start":{"line":42,"column":58},"end":{"line":42,"column":60}}],"line":42},"8":{"loc":{"start":{"line":43,"column":29},"end":{"line":43,"column":60}},"type":"binary-expr","locations":[{"start":{"line":43,"column":29},"end":{"line":43,"column":42}},{"start":{"line":43,"column":58},"end":{"line":43,"column":60}}],"line":43},"9":{"loc":{"start":{"line":44,"column":29},"end":{"line":44,"column":62}},"type":"binary-expr","locations":[{"start":{"line":44,"column":29},"end":{"line":44,"column":47}},{"start":{"line":44,"column":58},"end":{"line":44,"column":62}}],"line":44},"10":{"loc":{"start":{"line":45,"column":29},"end":{"line":45,"column":60}},"type":"binary-expr","locations":[{"start":{"line":45,"column":29},"end":{"line":45,"column":49}},{"start":{"line":45,"column":58},"end":{"line":45,"column":60}}],"line":45},"11":{"loc":{"start":{"line":46,"column":29},"end":{"line":46,"column":60}},"type":"binary-expr","locations":[{"start":{"line":46,"column":29},"end":{"line":46,"column":48}},{"start":{"line":46,"column":58},"end":{"line":46,"column":60}}],"line":46},"12":{"loc":{"start":{"line":47,"column":29},"end":{"line":47,"column":62}},"type":"binary-expr","locations":[{"start":{"line":47,"column":29},"end":{"line":47,"column":53}},{"start":{"line":47,"column":58},"end":{"line":47,"column":62}}],"line":47},"13":{"loc":{"start":{"line":48,"column":29},"end":{"line":48,"column":60}},"type":"binary-expr","locations":[{"start":{"line":48,"column":29},"end":{"line":48,"column":45}},{"start":{"line":48,"column":58},"end":{"line":48,"column":60}}],"line":48},"14":{"loc":{"start":{"line":49,"column":29},"end":{"line":49,"column":60}},"type":"binary-expr","locations":[{"start":{"line":49,"column":29},"end":{"line":49,"column":48}},{"start":{"line":49,"column":58},"end":{"line":49,"column":60}}],"line":49},"15":{"loc":{"start":{"line":50,"column":29},"end":{"line":50,"column":60}},"type":"binary-expr","locations":[{"start":{"line":50,"column":29},"end":{"line":50,"column":45}},{"start":{"line":50,"column":58},"end":{"line":50,"column":60}}],"line":50},"16":{"loc":{"start":{"line":51,"column":29},"end":{"line":51,"column":60}},"type":"binary-expr","locations":[{"start":{"line":51,"column":29},"end":{"line":51,"column":53}},{"start":{"line":51,"column":58},"end":{"line":51,"column":60}}],"line":51},"17":{"loc":{"start":{"line":81,"column":4},"end":{"line":83,"column":5}},"type":"if","locations":[{"start":{"line":81,"column":4},"end":{"line":83,"column":5}},{"start":{},"end":{}}],"line":81},"18":{"loc":{"start":{"line":113,"column":8},"end":{"line":113,"column":34}},"type":"binary-expr","locations":[{"start":{"line":113,"column":8},"end":{"line":113,"column":17}},{"start":{"line":113,"column":30},"end":{"line":113,"column":34}}],"line":113},"19":{"loc":{"start":{"line":114,"column":8},"end":{"line":114,"column":34}},"type":"binary-expr","locations":[{"start":{"line":114,"column":8},"end":{"line":114,"column":17}},{"start":{"line":114,"column":30},"end":{"line":114,"column":34}}],"line":114},"20":{"loc":{"start":{"line":115,"column":8},"end":{"line":115,"column":34}},"type":"binary-expr","locations":[{"start":{"line":115,"column":8},"end":{"line":115,"column":22}},{"start":{"line":115,"column":30},"end":{"line":115,"column":34}}],"line":115},"21":{"loc":{"start":{"line":116,"column":8},"end":{"line":116,"column":34}},"type":"binary-expr","locations":[{"start":{"line":116,"column":8},"end":{"line":116,"column":21}},{"start":{"line":116,"column":30},"end":{"line":116,"column":34}}],"line":116},"22":{"loc":{"start":{"line":117,"column":8},"end":{"line":117,"column":34}},"type":"binary-expr","locations":[{"start":{"line":117,"column":8},"end":{"line":117,"column":22}},{"start":{"line":117,"column":30},"end":{"line":117,"column":34}}],"line":117},"23":{"loc":{"start":{"line":118,"column":8},"end":{"line":118,"column":34}},"type":"binary-expr","locations":[{"start":{"line":118,"column":8},"end":{"line":118,"column":17}},{"start":{"line":118,"column":30},"end":{"line":118,"column":34}}],"line":118},"24":{"loc":{"start":{"line":119,"column":8},"end":{"line":119,"column":34}},"type":"binary-expr","locations":[{"start":{"line":119,"column":8},"end":{"line":119,"column":16}},{"start":{"line":119,"column":30},"end":{"line":119,"column":34}}],"line":119},"25":{"loc":{"start":{"line":120,"column":8},"end":{"line":120,"column":34}},"type":"binary-expr","locations":[{"start":{"line":120,"column":8},"end":{"line":120,"column":17}},{"start":{"line":120,"column":30},"end":{"line":120,"column":34}}],"line":120},"26":{"loc":{"start":{"line":121,"column":8},"end":{"line":121,"column":34}},"type":"binary-expr","locations":[{"start":{"line":121,"column":8},"end":{"line":121,"column":23}},{"start":{"line":121,"column":30},"end":{"line":121,"column":34}}],"line":121},"27":{"loc":{"start":{"line":122,"column":8},"end":{"line":122,"column":34}},"type":"binary-expr","locations":[{"start":{"line":122,"column":8},"end":{"line":122,"column":22}},{"start":{"line":122,"column":30},"end":{"line":122,"column":34}}],"line":122},"28":{"loc":{"start":{"line":123,"column":8},"end":{"line":123,"column":34}},"type":"binary-expr","locations":[{"start":{"line":123,"column":8},"end":{"line":123,"column":23}},{"start":{"line":123,"column":30},"end":{"line":123,"column":34}}],"line":123},"29":{"loc":{"start":{"line":124,"column":8},"end":{"line":124,"column":34}},"type":"binary-expr","locations":[{"start":{"line":124,"column":8},"end":{"line":124,"column":19}},{"start":{"line":124,"column":30},"end":{"line":124,"column":34}}],"line":124},"30":{"loc":{"start":{"line":125,"column":8},"end":{"line":125,"column":34}},"type":"binary-expr","locations":[{"start":{"line":125,"column":8},"end":{"line":125,"column":22}},{"start":{"line":125,"column":30},"end":{"line":125,"column":34}}],"line":125},"31":{"loc":{"start":{"line":126,"column":8},"end":{"line":126,"column":34}},"type":"binary-expr","locations":[{"start":{"line":126,"column":8},"end":{"line":126,"column":19}},{"start":{"line":126,"column":30},"end":{"line":126,"column":34}}],"line":126},"32":{"loc":{"start":{"line":127,"column":8},"end":{"line":127,"column":34}},"type":"binary-expr","locations":[{"start":{"line":127,"column":8},"end":{"line":127,"column":26}},{"start":{"line":127,"column":30},"end":{"line":127,"column":34}}],"line":127}},"s":{"0":2,"1":2,"2":1,"3":0,"4":1,"5":1,"6":1,"7":3,"8":3,"9":3,"10":1,"11":2,"12":1,"13":3,"14":1,"15":1},"f":{"0":2,"1":3},"b":{"0":[0,1],"1":[1,0],"2":[2,0],"3":[2,0],"4":[2,0],"5":[2,0],"6":[2,1],"7":[2,0],"8":[2,0],"9":[2,1],"10":[2,0],"11":[2,0],"12":[2,1],"13":[2,0],"14":[2,0],"15":[2,0],"16":[2,0],"17":[1,2],"18":[2,0],"19":[3,0],"20":[3,0],"21":[3,0],"22":[3,2],"23":[3,0],"24":[3,0],"25":[3,2],"26":[3,0],"27":[3,0],"28":[3,2],"29":[3,0],"30":[3,0],"31":[3,0],"32":[3,0]},"meta":{"lastBranch":33,"lastFunction":2,"lastStatement":16,"seen":{"f:5:22:5:30":0,"s:6:2:57:3":0,"s:7:20:9:5":1,"b:11:4:32:5:undefined:undefined:undefined:undefined":0,"s:11:4:32:5":2,"s:12:6:31:9":3,"s:34:4:53:7":4,"b:36:29:36:43:36:58:36:60":1,"b:37:29:37:43:37:58:37:60":2,"b:38:29:38:47:38:58:38:62":3,"b:39:29:39:48:39:58:39:60":4,"b:40:29:40:47:40:58:40:60":5,"b:41:29:41:52:41:58:41:62":6,"b:42:29:42:43:42:58:42:60":7,"b:43:29:43:42:43:58:43:60":8,"b:44:29:44:47:44:58:44:62":9,"b:45:29:45:49:45:58:45:60":10,"b:46:29:46:48:46:58:46:60":11,"b:47:29:47:53:47:58:47:62":12,"b:48:29:48:45:48:58:48:60":13,"b:49:29:49:48:49:58:49:60":14,"b:50:29:50:45:50:58:50:60":15,"b:51:29:51:53:51:58:51:60":16,"s:55:4:55:58":5,"s:56:4:56:63":6,"f:60:22:60:33":1,"s:61:2:136:3":7,"s:79:8:79:16":8,"b:81:4:83:5:undefined:undefined:undefined:undefined":17,"s:81:4:83:5":9,"s:82:6:82:74":10,"s:85:4:129:6":11,"b:113:8:113:17:113:30:113:34":18,"b:114:8:114:17:114:30:114:34":19,"b:115:8:115:22:115:30:115:34":20,"b:116:8:116:21:116:30:116:34":21,"b:117:8:117:22:117:30:117:34":22,"b:118:8:118:17:118:30:118:34":23,"b:119:8:119:16:119:30:119:34":24,"b:120:8:120:17:120:30:120:34":25,"b:121:8:121:23:121:30:121:34":26,"b:122:8:122:22:122:30:122:34":27,"b:123:8:123:23:123:30:123:34":28,"b:124:8:124:19:124:30:124:34":29,"b:125:8:125:22:125:30:125:34":30,"b:126:8:126:19:126:30:126:34":31,"b:127:8:127:26:127:30:127:34":32,"s:131:3:131:78":12,"s:132:4:132:77":13,"s:134:4:134:58":14,"s:135:4:135:63":15}}}
,"C:\\Users\\david\\sen_project\\Pho-City-Website\\backend\\src\\controllers\\contactController.js": {"path":"C:\\Users\\david\\sen_project\\Pho-City-Website\\backend\\src\\controllers\\contactController.js","statementMap":{"0":{"start":{"line":7,"column":23},"end":{"line":7,"column":37}},"1":{"start":{"line":8,"column":17},"end":{"line":8,"column":18}},"2":{"start":{"line":9,"column":20},"end":{"line":9,"column":29}},"3":{"start":{"line":12,"column":13},"end":{"line":12,"column":61}},"4":{"start":{"line":13,"column":2},"end":{"line":13,"column":62}},"5":{"start":{"line":17,"column":14},"end":{"line":17,"column":24}},"6":{"start":{"line":18,"column":16},"end":{"line":18,"column":39}},"7":{"start":{"line":19,"column":2},"end":{"line":22,"column":3}},"8":{"start":{"line":20,"column":4},"end":{"line":20,"column":60}},"9":{"start":{"line":21,"column":4},"end":{"line":21,"column":17}},"10":{"start":{"line":23,"column":2},"end":{"line":23,"column":43}},"11":{"start":{"line":23,"column":31},"end":{"line":23,"column":43}},"12":{"start":{"line":24,"column":2},"end":{"line":24,"column":16}},"13":{"start":{"line":25,"column":2},"end":{"line":25,"column":15}},"14":{"start":{"line":29,"column":46},"end":{"line":29,"column":54}},"15":{"start":{"line":32,"column":2},"end":{"line":34,"column":3}},"16":{"start":{"line":33,"column":4},"end":{"line":33,"column":80}},"17":{"start":{"line":36,"column":2},"end":{"line":40,"column":3}},"18":{"start":{"line":37,"column":4},"end":{"line":39,"column":66}},"19":{"start":{"line":42,"column":17},"end":{"line":42,"column":37}},"20":{"start":{"line":43,"column":2},"end":{"line":47,"column":3}},"21":{"start":{"line":44,"column":4},"end":{"line":46,"column":88}},"22":{"start":{"line":49,"column":2},"end":{"line":82,"column":3}},"23":{"start":{"line":50,"column":21},"end":{"line":50,"column":40}},"24":{"start":{"line":52,"column":6},"end":{"line":52,"column":22}},"25":{"start":{"line":55,"column":4},"end":{"line":57,"column":5}},"26":{"start":{"line":56,"column":6},"end":{"line":56,"column":62}},"27":{"start":{"line":60,"column":4},"end":{"line":76,"column":5}},"28":{"start":{"line":61,"column":6},"end":{"line":75,"column":7}},"29":{"start":{"line":62,"column":22},"end":{"line":62,"column":55}},"30":{"start":{"line":63,"column":32},"end":{"line":63,"column":55}},"31":{"start":{"line":64,"column":8},"end":{"line":72,"column":9}},"32":{"start":{"line":65,"column":10},"end":{"line":71,"column":13}},"33":{"start":{"line":74,"column":8},"end":{"line":74,"column":62}},"34":{"start":{"line":78,"column":4},"end":{"line":78,"column":74}},"35":{"start":{"line":80,"column":4},"end":{"line":80,"column":55}},"36":{"start":{"line":81,"column":4},"end":{"line":81,"column":81}}},"fnMap":{"0":{"name":"getRateLimitKey","decl":{"start":{"line":11,"column":9},"end":{"line":11,"column":24}},"loc":{"start":{"line":11,"column":30},"end":{"line":14,"column":1}},"line":11},"1":{"name":"isRateLimited","decl":{"start":{"line":16,"column":9},"end":{"line":16,"column":22}},"loc":{"start":{"line":16,"column":31},"end":{"line":26,"column":1}},"line":16},"2":{"name":"handleContactForm","decl":{"start":{"line":28,"column":22},"end":{"line":28,"column":39}},"loc":{"start":{"line":28,"column":50},"end":{"line":83,"column":1}},"line":28}},"branchMap":{"0":{"loc":{"start":{"line":12,"column":13},"end":{"line":12,"column":61}},"type":"binary-expr","locations":[{"start":{"line":12,"column":13},"end":{"line":12,"column":19}},{"start":{"line":12,"column":23},"end":{"line":12,"column":48}},{"start":{"line":12,"column":52},"end":{"line":12,"column":61}}],"line":12},"1":{"loc":{"start":{"line":19,"column":2},"end":{"line":22,"column":3}},"type":"if","locations":[{"start":{"line":19,"column":2},"end":{"line":22,"column":3}},{"start":{},"end":{}}],"line":19},"2":{"loc":{"start":{"line":19,"column":6},"end":{"line":19,"column":56}},"type":"binary-expr","locations":[{"start":{"line":19,"column":6},"end":{"line":19,"column":12}},{"start":{"line":19,"column":16},"end":{"line":19,"column":56}}],"line":19},"3":{"loc":{"start":{"line":23,"column":2},"end":{"line":23,"column":43}},"type":"if","locations":[{"start":{"line":23,"column":2},"end":{"line":23,"column":43}},{"start":{},"end":{}}],"line":23},"4":{"loc":{"start":{"line":32,"column":2},"end":{"line":34,"column":3}},"type":"if","locations":[{"start":{"line":32,"column":2},"end":{"line":34,"column":3}},{"start":{},"end":{}}],"line":32},"5":{"loc":{"start":{"line":36,"column":2},"end":{"line":40,"column":3}},"type":"if","locations":[{"start":{"line":36,"column":2},"end":{"line":40,"column":3}},{"start":{},"end":{}}],"line":36},"6":{"loc":{"start":{"line":36,"column":6},"end":{"line":36,"column":33}},"type":"binary-expr","locations":[{"start":{"line":36,"column":6},"end":{"line":36,"column":11}},{"start":{"line":36,"column":15},"end":{"line":36,"column":21}},{"start":{"line":36,"column":25},"end":{"line":36,"column":33}}],"line":36},"7":{"loc":{"start":{"line":43,"column":2},"end":{"line":47,"column":3}},"type":"if","locations":[{"start":{"line":43,"column":2},"end":{"line":47,"column":3}},{"start":{},"end":{}}],"line":43},"8":{"loc":{"start":{"line":55,"column":4},"end":{"line":57,"column":5}},"type":"if","locations":[{"start":{"line":55,"column":4},"end":{"line":57,"column":5}},{"start":{},"end":{}}],"line":55},"9":{"loc":{"start":{"line":60,"column":4},"end":{"line":76,"column":5}},"type":"if","locations":[{"start":{"line":60,"column":4},"end":{"line":76,"column":5}},{"start":{},"end":{}}],"line":60},"10":{"loc":{"start":{"line":64,"column":8},"end":{"line":72,"column":9}},"type":"if","locations":[{"start":{"line":64,"column":8},"end":{"line":72,"column":9}},{"start":{},"end":{}}],"line":64}},"s":{"0":1,"1":1,"2":1,"3":8,"4":8,"5":8,"6":8,"7":8,"8":3,"9":3,"10":5,"11":1,"12":4,"13":4,"14":10,"15":10,"16":1,"17":9,"18":1,"19":8,"20":8,"21":1,"22":7,"23":7,"24":6,"25":6,"26":1,"27":6,"28":0,"29":0,"30":0,"31":0,"32":0,"33":0,"34":6,"35":1,"36":1},"f":{"0":8,"1":8,"2":10},"b":{"0":[8,0,0],"1":[3,5],"2":[8,5],"3":[1,4],"4":[1,9],"5":[1,8],"6":[9,9,8],"7":[1,7],"8":[1,5],"9":[0,6],"10":[0,0]},"meta":{"lastBranch":11,"lastFunction":3,"lastStatement":37,"seen":{"s:7:23:7:37":0,"s:8:17:8:18":1,"s:9:20:9:29":2,"f:11:9:11:24":0,"s:12:13:12:61":3,"b:12:13:12:19:12:23:12:48:12:52:12:61":0,"s:13:2:13:62":4,"f:16:9:16:22":1,"s:17:14:17:24":5,"s:18:16:18:39":6,"b:19:2:22:3:undefined:undefined:undefined:undefined":1,"s:19:2:22:3":7,"b:19:6:19:12:19:16:19:56":2,"s:20:4:20:60":8,"s:21:4:21:17":9,"b:23:2:23:43:undefined:undefined:undefined:undefined":3,"s:23:2:23:43":10,"s:23:31:23:43":11,"s:24:2:24:16":12,"s:25:2:25:15":13,"f:28:22:28:39":2,"s:29:46:29:54":14,"b:32:2:34:3:undefined:undefined:undefined:undefined":4,"s:32:2:34:3":15,"s:33:4:33:80":16,"b:36:2:40:3:undefined:undefined:undefined:undefined":5,"s:36:2:40:3":17,"b:36:6:36:11:36:15:36:21:36:25:36:33":6,"s:37:4:39:66":18,"s:42:17:42:37":19,"b:43:2:47:3:undefined:undefined:undefined:undefined":7,"s:43:2:47:3":20,"s:44:4:46:88":21,"s:49:2:82:3":22,"s:50:21:50:40":23,"s:52:6:52:22":24,"b:55:4:57:5:undefined:undefined:undefined:undefined":8,"s:55:4:57:5":25,"s:56:6:56:62":26,"b:60:4:76:5:undefined:undefined:undefined:undefined":9,"s:60:4:76:5":27,"s:61:6:75:7":28,"s:62:22:62:55":29,"s:63:32:63:55":30,"b:64:8:72:9:undefined:undefined:undefined:undefined":10,"s:64:8:72:9":31,"s:65:10:71:13":32,"s:74:8:74:62":33,"s:78:4:78:74":34,"s:80:4:80:55":35,"s:81:4:81:81":36}}}
,"C:\\Users\\david\\sen_project\\Pho-City-Website\\backend\\src\\controllers\\footerController.js": {"path":"C:\\Users\\david\\sen_project\\Pho-City-Website\\backend\\src\\controllers\\footerController.js","statementMap":{"0":{"start":{"line":6,"column":2},"end":{"line":26,"column":null}},"1":{"start":{"line":7,"column":19},"end":{"line":9,"column":5}},"2":{"start":{"line":12,"column":4},"end":{"line":14,"column":null}},"3":{"start":{"line":13,"column":6},"end":{"line":13,"column":null}},"4":{"start":{"line":18,"column":6},"end":{"line":20,"column":29}},"5":{"start":{"line":22,"column":4},"end":{"line":22,"column":null}},"6":{"start":{"line":24,"column":4},"end":{"line":24,"column":null}},"7":{"start":{"line":25,"column":4},"end":{"line":25,"column":null}},"8":{"start":{"line":30,"column":2},"end":{"line":53,"column":null}},"9":{"start":{"line":31,"column":23},"end":{"line":31,"column":31}},"10":{"start":{"line":33,"column":4},"end":{"line":35,"column":null}},"11":{"start":{"line":34,"column":6},"end":{"line":34,"column":null}},"12":{"start":{"line":37,"column":4},"end":{"line":41,"column":null}},"13":{"start":{"line":43,"column":3},"end":{"line":48,"column":null}},"14":{"start":{"line":49,"column":4},"end":{"line":49,"column":null}},"15":{"start":{"line":51,"column":4},"end":{"line":51,"column":null}},"16":{"start":{"line":52,"column":4},"end":{"line":52,"column":null}}},"fnMap":{"0":{"name":"getFooter","decl":{"start":{"line":5,"column":22},"end":{"line":5,"column":31}},"loc":{"start":{"line":5,"column":42},"end":{"line":27,"column":null}},"line":5},"1":{"name":"putFooter","decl":{"start":{"line":29,"column":22},"end":{"line":29,"column":31}},"loc":{"start":{"line":29,"column":42},"end":{"line":54,"column":null}},"line":29}},"branchMap":{"0":{"loc":{"start":{"line":12,"column":4},"end":{"line":14,"column":null}},"type":"if","locations":[{"start":{"line":12,"column":4},"end":{"line":14,"column":null}},{"start":{},"end":{}}],"line":12},"1":{"loc":{"start":{"line":18,"column":6},"end":{"line":20,"column":29}},"type":"cond-expr","locations":[{"start":{"line":19,"column":10},"end":{"line":19,"column":null}},{"start":{"line":20,"column":10},"end":{"line":20,"column":29}}],"line":18},"2":{"loc":{"start":{"line":33,"column":4},"end":{"line":35,"column":null}},"type":"if","locations":[{"start":{"line":33,"column":4},"end":{"line":35,"column":null}},{"start":{},"end":{}}],"line":33}},"s":{"0":5,"1":5,"2":4,"3":1,"4":3,"5":5,"6":2,"7":2,"8":5,"9":5,"10":5,"11":1,"12":4,"13":3,"14":5,"15":1,"16":1},"f":{"0":5,"1":5},"b":{"0":[1,3],"1":[2,1],"2":[1,4]},"meta":{"lastBranch":3,"lastFunction":2,"lastStatement":17,"seen":{"f:5:22:5:31":0,"s:6:2:26:Infinity":0,"s:7:19:9:5":1,"b:12:4:14:Infinity:undefined:undefined:undefined:undefined":0,"s:12:4:14:Infinity":2,"s:13:6:13:Infinity":3,"s:18:6:20:29":4,"b:19:10:19:Infinity:20:10:20:29":1,"s:22:4:22:Infinity":5,"s:24:4:24:Infinity":6,"s:25:4:25:Infinity":7,"f:29:22:29:31":1,"s:30:2:53:Infinity":8,"s:31:23:31:31":9,"b:33:4:35:Infinity:undefined:undefined:undefined:undefined":2,"s:33:4:35:Infinity":10,"s:34:6:34:Infinity":11,"s:37:4:41:Infinity":12,"s:43:3:48:Infinity":13,"s:49:4:49:Infinity":14,"s:51:4:51:Infinity":15,"s:52:4:52:Infinity":16}}}
,"C:\\Users\\david\\sen_project\\Pho-City-Website\\backend\\src\\controllers\\heroController.js": {"path":"C:\\Users\\david\\sen_project\\Pho-City-Website\\backend\\src\\controllers\\heroController.js","statementMap":{"0":{"start":{"line":5,"column":23},"end":{"line":37,"column":1}},"1":{"start":{"line":6,"column":2},"end":{"line":36,"column":null}},"2":{"start":{"line":7,"column":19},"end":{"line":18,"column":5}},"3":{"start":{"line":20,"column":4},"end":{"line":22,"column":null}},"4":{"start":{"line":21,"column":6},"end":{"line":21,"column":null}},"5":{"start":{"line":24,"column":14},"end":{"line":24,"column":21}},"6":{"start":{"line":25,"column":4},"end":{"line":32,"column":null}},"7":{"start":{"line":34,"column":4},"end":{"line":34,"column":null}},"8":{"start":{"line":35,"column":4},"end":{"line":35,"column":null}},"9":{"start":{"line":39,"column":26},"end":{"line":90,"column":1}},"10":{"start":{"line":40,"column":2},"end":{"line":89,"column":null}},"11":{"start":{"line":41,"column":69},"end":{"line":41,"column":77}},"12":{"start":{"line":43,"column":4},"end":{"line":50,"column":null}},"13":{"start":{"line":49,"column":6},"end":{"line":49,"column":null}},"14":{"start":{"line":52,"column":4},"end":{"line":61,"column":null}},"15":{"start":{"line":63,"column":19},"end":{"line":74,"column":5}},"16":{"start":{"line":76,"column":14},"end":{"line":76,"column":21}},"17":{"start":{"line":77,"column":3},"end":{"line":77,"column":null}},"18":{"start":{"line":78,"column":4},"end":{"line":85,"column":null}},"19":{"start":{"line":87,"column":4},"end":{"line":87,"column":null}},"20":{"start":{"line":88,"column":4},"end":{"line":88,"column":null}}},"fnMap":{"0":{"name":"(anonymous_0)","decl":{"start":{"line":5,"column":23},"end":{"line":5,"column":28}},"loc":{"start":{"line":5,"column":43},"end":{"line":37,"column":1}},"line":5},"1":{"name":"(anonymous_1)","decl":{"start":{"line":39,"column":26},"end":{"line":39,"column":31}},"loc":{"start":{"line":39,"column":46},"end":{"line":90,"column":1}},"line":39}},"branchMap":{"0":{"loc":{"start":{"line":20,"column":4},"end":{"line":22,"column":null}},"type":"if","locations":[{"start":{"line":20,"column":4},"end":{"line":22,"column":null}},{"start":{},"end":{}}],"line":20},"1":{"loc":{"start":{"line":30,"column":24},"end":{"line":30,"column":60}},"type":"binary-expr","locations":[{"start":{"line":30,"column":24},"end":{"line":30,"column":52}},{"start":{"line":30,"column":56},"end":{"line":30,"column":60}}],"line":30},"2":{"loc":{"start":{"line":31,"column":16},"end":{"line":31,"column":40}},"type":"binary-expr","locations":[{"start":{"line":31,"column":16},"end":{"line":31,"column":32}},{"start":{"line":31,"column":36},"end":{"line":31,"column":40}}],"line":31},"3":{"loc":{"start":{"line":43,"column":4},"end":{"line":50,"column":null}},"type":"if","locations":[{"start":{"line":43,"column":4},"end":{"line":50,"column":null}},{"start":{},"end":{}}],"line":43},"4":{"loc":{"start":{"line":44,"column":6},"end":{"line":47,"column":null}},"type":"binary-expr","locations":[{"start":{"line":44,"column":6},"end":{"line":44,"column":31}},{"start":{"line":45,"column":6},"end":{"line":45,"column":34}},{"start":{"line":46,"column":6},"end":{"line":46,"column":33}},{"start":{"line":47,"column":6},"end":{"line":47,"column":null}}],"line":44},"5":{"loc":{"start":{"line":60,"column":51},"end":{"line":60,"column":67}},"type":"binary-expr","locations":[{"start":{"line":60,"column":51},"end":{"line":60,"column":59}},{"start":{"line":60,"column":63},"end":{"line":60,"column":67}}],"line":60},"6":{"loc":{"start":{"line":84,"column":16},"end":{"line":84,"column":40}},"type":"binary-expr","locations":[{"start":{"line":84,"column":16},"end":{"line":84,"column":32}},{"start":{"line":84,"column":36},"end":{"line":84,"column":40}}],"line":84}},"s":{"0":1,"1":3,"2":3,"3":2,"4":1,"5":1,"6":1,"7":1,"8":1,"9":1,"10":3,"11":3,"12":3,"13":1,"14":2,"15":1,"16":1,"17":1,"18":3,"19":1,"20":1},"f":{"0":3,"1":3},"b":{"0":[1,1],"1":[1,0],"2":[3,0],"3":[1,2],"4":[3,3,3,3],"5":[2,1],"6":[3,0]},"meta":{"lastBranch":7,"lastFunction":2,"lastStatement":21,"seen":{"s:5:23:37:1":0,"f:5:23:5:28":0,"s:6:2:36:Infinity":1,"s:7:19:18:5":2,"b:20:4:22:Infinity:undefined:undefined:undefined:undefined":0,"s:20:4:22:Infinity":3,"s:21:6:21:Infinity":4,"s:24:14:24:21":5,"s:25:4:32:Infinity":6,"b:30:24:30:52:30:56:30:60":1,"b:31:16:31:32:31:36:31:40":2,"s:34:4:34:Infinity":7,"s:35:4:35:Infinity":8,"s:39:26:90:1":9,"f:39:26:39:31":1,"s:40:2:89:Infinity":10,"s:41:69:41:77":11,"b:43:4:50:Infinity:undefined:undefined:undefined:undefined":3,"s:43:4:50:Infinity":12,"b:44:6:44:31:45:6:45:34:46:6:46:33:47:6:47:Infinity":4,"s:49:6:49:Infinity":13,"s:52:4:61:Infinity":14,"b:60:51:60:59:60:63:60:67":5,"s:63:19:74:5":15,"s:76:14:76:21":16,"s:77:3:77:Infinity":17,"s:78:4:85:Infinity":18,"b:84:16:84:32:84:36:84:40":6,"s:87:4:87:Infinity":19,"s:88:4:88:Infinity":20}}}
,"C:\\Users\\david\\sen_project\\Pho-City-Website\\backend\\src\\controllers\\menuController.js": {"path":"C:\\Users\\david\\sen_project\\Pho-City-Website\\backend\\src\\controllers\\menuController.js","statementMap":{"0":{"start":{"line":6,"column":2},"end":{"line":50,"column":3}},"1":{"start":{"line":8,"column":25},"end":{"line":12,"column":6}},"2":{"start":{"line":15,"column":20},"end":{"line":28,"column":6}},"3":{"start":{"line":31,"column":22},"end":{"line":44,"column":7}},"4":{"start":{"line":31,"column":47},"end":{"line":44,"column":5}},"5":{"start":{"line":35,"column":23},"end":{"line":35,"column":47}},"6":{"start":{"line":36,"column":21},"end":{"line":43,"column":9}},"7":{"start":{"line":46,"column":4},"end":{"line":46,"column":50}},"8":{"start":{"line":48,"column":4},"end":{"line":48,"column":44}},"9":{"start":{"line":49,"column":4},"end":{"line":49,"column":59}},"10":{"start":{"line":54,"column":2},"end":{"line":103,"column":3}},"11":{"start":{"line":56,"column":25},"end":{"line":60,"column":6}},"12":{"start":{"line":63,"column":20},"end":{"line":77,"column":6}},"13":{"start":{"line":80,"column":22},"end":{"line":97,"column":7}},"14":{"start":{"line":80,"column":47},"end":{"line":97,"column":5}},"15":{"start":{"line":84,"column":23},"end":{"line":84,"column":47}},"16":{"start":{"line":85,"column":21},"end":{"line":96,"column":9}},"17":{"start":{"line":99,"column":4},"end":{"line":99,"column":50}},"18":{"start":{"line":101,"column":4},"end":{"line":101,"column":50}},"19":{"start":{"line":102,"column":4},"end":{"line":102,"column":65}},"20":{"start":{"line":107,"column":2},"end":{"line":145,"column":3}},"21":{"start":{"line":108,"column":21},"end":{"line":108,"column":29}},"22":{"start":{"line":111,"column":4},"end":{"line":114,"column":5}},"23":{"start":{"line":112,"column":6},"end":{"line":112,"column":69}},"24":{"start":{"line":113,"column":6},"end":{"line":113,"column":13}},"25":{"start":{"line":117,"column":23},"end":{"line":120,"column":6}},"26":{"start":{"line":121,"column":20},"end":{"line":121,"column":45}},"27":{"start":{"line":124,"column":21},"end":{"line":130,"column":5}},"28":{"start":{"line":133,"column":4},"end":{"line":134,"column":67}},"29":{"start":{"line":134,"column":6},"end":{"line":134,"column":67}},"30":{"start":{"line":135,"column":3},"end":{"line":140,"column":6}},"31":{"start":{"line":141,"column":4},"end":{"line":141,"column":58}},"32":{"start":{"line":143,"column":4},"end":{"line":143,"column":53}},"33":{"start":{"line":144,"column":4},"end":{"line":144,"column":61}},"34":{"start":{"line":149,"column":2},"end":{"line":184,"column":3}},"35":{"start":{"line":150,"column":15},"end":{"line":150,"column":28}},"36":{"start":{"line":151,"column":4},"end":{"line":152,"column":62}},"37":{"start":{"line":152,"column":6},"end":{"line":152,"column":62}},"38":{"start":{"line":153,"column":21},"end":{"line":153,"column":29}},"39":{"start":{"line":155,"column":4},"end":{"line":158,"column":5}},"40":{"start":{"line":156,"column":6},"end":{"line":156,"column":68}},"41":{"start":{"line":157,"column":6},"end":{"line":157,"column":13}},"42":{"start":{"line":160,"column":21},"end":{"line":167,"column":5}},"43":{"start":{"line":169,"column":4},"end":{"line":172,"column":5}},"44":{"start":{"line":170,"column":6},"end":{"line":170,"column":79}},"45":{"start":{"line":171,"column":6},"end":{"line":171,"column":13}},"46":{"start":{"line":174,"column":3},"end":{"line":179,"column":6}},"47":{"start":{"line":180,"column":4},"end":{"line":180,"column":39}},"48":{"start":{"line":182,"column":4},"end":{"line":182,"column":54}},"49":{"start":{"line":183,"column":4},"end":{"line":183,"column":62}},"50":{"start":{"line":188,"column":2},"end":{"line":216,"column":3}},"51":{"start":{"line":189,"column":15},"end":{"line":189,"column":28}},"52":{"start":{"line":190,"column":4},"end":{"line":191,"column":62}},"53":{"start":{"line":191,"column":6},"end":{"line":191,"column":62}},"54":{"start":{"line":193,"column":21},"end":{"line":199,"column":5}},"55":{"start":{"line":201,"column":4},"end":{"line":204,"column":5}},"56":{"start":{"line":202,"column":6},"end":{"line":202,"column":79}},"57":{"start":{"line":203,"column":6},"end":{"line":203,"column":13}},"58":{"start":{"line":206,"column":3},"end":{"line":211,"column":6}},"59":{"start":{"line":212,"column":4},"end":{"line":212,"column":27}},"60":{"start":{"line":214,"column":4},"end":{"line":214,"column":56}},"61":{"start":{"line":215,"column":4},"end":{"line":215,"column":63}},"62":{"start":{"line":220,"column":2},"end":{"line":292,"column":3}},"63":{"start":{"line":232,"column":8},"end":{"line":232,"column":16}},"64":{"start":{"line":235,"column":4},"end":{"line":238,"column":5}},"65":{"start":{"line":236,"column":6},"end":{"line":236,"column":69}},"66":{"start":{"line":237,"column":6},"end":{"line":237,"column":13}},"67":{"start":{"line":241,"column":23},"end":{"line":248,"column":5}},"68":{"start":{"line":249,"column":20},"end":{"line":249,"column":45}},"69":{"start":{"line":252,"column":37},"end":{"line":252,"column":75}},"70":{"start":{"line":255,"column":20},"end":{"line":266,"column":6}},"71":{"start":{"line":267,"column":17},"end":{"line":267,"column":37}},"72":{"start":{"line":268,"column":19},"end":{"line":268,"column":41}},"73":{"start":{"line":271,"column":21},"end":{"line":277,"column":5}},"74":{"start":{"line":274,"column":31},"end":{"line":274,"column":34}},"75":{"start":{"line":280,"column":4},"end":{"line":281,"column":67}},"76":{"start":{"line":281,"column":6},"end":{"line":281,"column":67}},"77":{"start":{"line":282,"column":3},"end":{"line":287,"column":6}},"78":{"start":{"line":288,"column":4},"end":{"line":288,"column":58}},"79":{"start":{"line":290,"column":4},"end":{"line":290,"column":49}},"80":{"start":{"line":291,"column":4},"end":{"line":291,"column":57}},"81":{"start":{"line":296,"column":2},"end":{"line":365,"column":3}},"82":{"start":{"line":298,"column":15},"end":{"line":298,"column":28}},"83":{"start":{"line":299,"column":4},"end":{"line":300,"column":62}},"84":{"start":{"line":300,"column":6},"end":{"line":300,"column":62}},"85":{"start":{"line":313,"column":8},"end":{"line":313,"column":16}},"86":{"start":{"line":317,"column":6},"end":{"line":317,"column":75}},"87":{"start":{"line":320,"column":20},"end":{"line":330,"column":6}},"88":{"start":{"line":331,"column":17},"end":{"line":331,"column":37}},"89":{"start":{"line":332,"column":19},"end":{"line":332,"column":41}},"90":{"start":{"line":335,"column":4},"end":{"line":338,"column":5}},"91":{"start":{"line":336,"column":6},"end":{"line":336,"column":68}},"92":{"start":{"line":337,"column":6},"end":{"line":337,"column":13}},"93":{"start":{"line":341,"column":21},"end":{"line":348,"column":5}},"94":{"start":{"line":344,"column":30},"end":{"line":344,"column":42}},"95":{"start":{"line":350,"column":4},"end":{"line":353,"column":5}},"96":{"start":{"line":351,"column":6},"end":{"line":351,"column":79}},"97":{"start":{"line":352,"column":6},"end":{"line":352,"column":13}},"98":{"start":{"line":355,"column":3},"end":{"line":360,"column":6}},"99":{"start":{"line":361,"column":4},"end":{"line":361,"column":39}},"100":{"start":{"line":363,"column":4},"end":{"line":363,"column":50}},"101":{"start":{"line":364,"column":4},"end":{"line":364,"column":58}},"102":{"start":{"line":369,"column":2},"end":{"line":397,"column":3}},"103":{"start":{"line":370,"column":15},"end":{"line":370,"column":28}},"104":{"start":{"line":371,"column":4},"end":{"line":372,"column":62}},"105":{"start":{"line":372,"column":6},"end":{"line":372,"column":62}},"106":{"start":{"line":374,"column":21},"end":{"line":380,"column":5}},"107":{"start":{"line":382,"column":4},"end":{"line":385,"column":5}},"108":{"start":{"line":383,"column":6},"end":{"line":383,"column":79}},"109":{"start":{"line":384,"column":6},"end":{"line":384,"column":13}},"110":{"start":{"line":387,"column":3},"end":{"line":392,"column":6}},"111":{"start":{"line":393,"column":4},"end":{"line":393,"column":27}},"112":{"start":{"line":395,"column":4},"end":{"line":395,"column":52}},"113":{"start":{"line":396,"column":4},"end":{"line":396,"column":59}},"114":{"start":{"line":401,"column":26},"end":{"line":401,"column":34}},"115":{"start":{"line":403,"column":2},"end":{"line":407,"column":3}},"116":{"start":{"line":404,"column":4},"end":{"line":406,"column":64}},"117":{"start":{"line":409,"column":15},"end":{"line":409,"column":41}},"118":{"start":{"line":410,"column":2},"end":{"line":482,"column":3}},"119":{"start":{"line":411,"column":4},"end":{"line":411,"column":34}},"120":{"start":{"line":414,"column":23},"end":{"line":417,"column":5}},"121":{"start":{"line":419,"column":4},"end":{"line":424,"column":5}},"122":{"start":{"line":420,"column":6},"end":{"line":420,"column":28}},"123":{"start":{"line":421,"column":6},"end":{"line":423,"column":65}},"124":{"start":{"line":426,"column":23},"end":{"line":431,"column":5}},"125":{"start":{"line":432,"column":21},"end":{"line":432,"column":67}},"126":{"start":{"line":434,"column":24},"end":{"line":438,"column":16}},"127":{"start":{"line":436,"column":21},"end":{"line":436,"column":77}},"128":{"start":{"line":440,"column":4},"end":{"line":450,"column":6}},"129":{"start":{"line":452,"column":25},"end":{"line":454,"column":16}},"130":{"start":{"line":453,"column":24},"end":{"line":453,"column":69}},"131":{"start":{"line":456,"column":4},"end":{"line":466,"column":6}},"132":{"start":{"line":468,"column":4},"end":{"line":468,"column":24}},"133":{"start":{"line":469,"column":3},"end":{"line":474,"column":6}},"134":{"start":{"line":475,"column":4},"end":{"line":475,"column":34}},"135":{"start":{"line":477,"column":4},"end":{"line":477,"column":26}},"136":{"start":{"line":478,"column":4},"end":{"line":478,"column":51}},"137":{"start":{"line":479,"column":4},"end":{"line":479,"column":75}},"138":{"start":{"line":481,"column":4},"end":{"line":481,"column":19}},"139":{"start":{"line":486,"column":25},"end":{"line":486,"column":35}},"140":{"start":{"line":487,"column":22},"end":{"line":487,"column":30}},"141":{"start":{"line":489,"column":2},"end":{"line":491,"column":3}},"142":{"start":{"line":490,"column":4},"end":{"line":490,"column":69}},"143":{"start":{"line":492,"column":2},"end":{"line":494,"column":3}},"144":{"start":{"line":493,"column":4},"end":{"line":493,"column":80}},"145":{"start":{"line":496,"column":15},"end":{"line":496,"column":41}},"146":{"start":{"line":497,"column":2},"end":{"line":575,"column":3}},"147":{"start":{"line":498,"column":4},"end":{"line":498,"column":34}},"148":{"start":{"line":500,"column":23},"end":{"line":507,"column":5}},"149":{"start":{"line":509,"column":4},"end":{"line":515,"column":5}},"150":{"start":{"line":510,"column":6},"end":{"line":510,"column":28}},"151":{"start":{"line":511,"column":6},"end":{"line":514,"column":9}},"152":{"start":{"line":517,"column":23},"end":{"line":524,"column":5}},"153":{"start":{"line":525,"column":21},"end":{"line":525,"column":63}},"154":{"start":{"line":527,"column":24},"end":{"line":531,"column":16}},"155":{"start":{"line":529,"column":21},"end":{"line":529,"column":77}},"156":{"start":{"line":533,"column":4},"end":{"line":543,"column":6}},"157":{"start":{"line":545,"column":25},"end":{"line":547,"column":16}},"158":{"start":{"line":546,"column":24},"end":{"line":546,"column":69}},"159":{"start":{"line":549,"column":4},"end":{"line":559,"column":6}},"160":{"start":{"line":561,"column":4},"end":{"line":561,"column":24}},"161":{"start":{"line":562,"column":3},"end":{"line":567,"column":6}},"162":{"start":{"line":568,"column":4},"end":{"line":568,"column":34}},"163":{"start":{"line":570,"column":4},"end":{"line":570,"column":26}},"164":{"start":{"line":571,"column":4},"end":{"line":571,"column":54}},"165":{"start":{"line":572,"column":4},"end":{"line":572,"column":70}},"166":{"start":{"line":574,"column":4},"end":{"line":574,"column":19}},"167":{"start":{"line":579,"column":2},"end":{"line":609,"column":3}},"168":{"start":{"line":580,"column":20},"end":{"line":593,"column":6}},"169":{"start":{"line":595,"column":22},"end":{"line":603,"column":7}},"170":{"start":{"line":595,"column":40},"end":{"line":603,"column":5}},"171":{"start":{"line":605,"column":4},"end":{"line":605,"column":35}},"172":{"start":{"line":607,"column":4},"end":{"line":607,"column":54}},"173":{"start":{"line":608,"column":4},"end":{"line":608,"column":69}},"174":{"start":{"line":613,"column":2},"end":{"line":615,"column":4}},"175":{"start":{"line":614,"column":52},"end":{"line":614,"column":71}}},"fnMap":{"0":{"name":"getMenu","decl":{"start":{"line":5,"column":22},"end":{"line":5,"column":29}},"loc":{"start":{"line":5,"column":40},"end":{"line":51,"column":1}},"line":5},"1":{"name":"(anonymous_1)","decl":{"start":{"line":31,"column":37},"end":{"line":31,"column":38}},"loc":{"start":{"line":31,"column":47},"end":{"line":44,"column":5}},"line":31},"2":{"name":"(anonymous_2)","decl":{"start":{"line":35,"column":16},"end":{"line":35,"column":17}},"loc":{"start":{"line":35,"column":23},"end":{"line":35,"column":47}},"line":35},"3":{"name":"(anonymous_3)","decl":{"start":{"line":36,"column":13},"end":{"line":36,"column":14}},"loc":{"start":{"line":36,"column":21},"end":{"line":43,"column":9}},"line":36},"4":{"name":"getAdminMenu","decl":{"start":{"line":53,"column":22},"end":{"line":53,"column":34}},"loc":{"start":{"line":53,"column":45},"end":{"line":104,"column":1}},"line":53},"5":{"name":"(anonymous_5)","decl":{"start":{"line":80,"column":37},"end":{"line":80,"column":38}},"loc":{"start":{"line":80,"column":47},"end":{"line":97,"column":5}},"line":80},"6":{"name":"(anonymous_6)","decl":{"start":{"line":84,"column":16},"end":{"line":84,"column":17}},"loc":{"start":{"line":84,"column":23},"end":{"line":84,"column":47}},"line":84},"7":{"name":"(anonymous_7)","decl":{"start":{"line":85,"column":13},"end":{"line":85,"column":14}},"loc":{"start":{"line":85,"column":21},"end":{"line":96,"column":9}},"line":85},"8":{"name":"addCategory","decl":{"start":{"line":106,"column":22},"end":{"line":106,"column":33}},"loc":{"start":{"line":106,"column":44},"end":{"line":146,"column":1}},"line":106},"9":{"name":"editCategory","decl":{"start":{"line":148,"column":22},"end":{"line":148,"column":34}},"loc":{"start":{"line":148,"column":45},"end":{"line":185,"column":1}},"line":148},"10":{"name":"deleteCategory","decl":{"start":{"line":187,"column":22},"end":{"line":187,"column":36}},"loc":{"start":{"line":187,"column":47},"end":{"line":217,"column":1}},"line":187},"11":{"name":"addItem","decl":{"start":{"line":219,"column":22},"end":{"line":219,"column":29}},"loc":{"start":{"line":219,"column":40},"end":{"line":293,"column":1}},"line":219},"12":{"name":"(anonymous_12)","decl":{"start":{"line":274,"column":25},"end":{"line":274,"column":26}},"loc":{"start":{"line":274,"column":31},"end":{"line":274,"column":34}},"line":274},"13":{"name":"editItem","decl":{"start":{"line":295,"column":22},"end":{"line":295,"column":30}},"loc":{"start":{"line":295,"column":41},"end":{"line":366,"column":1}},"line":295},"14":{"name":"(anonymous_14)","decl":{"start":{"line":344,"column":21},"end":{"line":344,"column":22}},"loc":{"start":{"line":344,"column":30},"end":{"line":344,"column":42}},"line":344},"15":{"name":"deleteItem","decl":{"start":{"line":368,"column":22},"end":{"line":368,"column":32}},"loc":{"start":{"line":368,"column":43},"end":{"line":398,"column":1}},"line":368},"16":{"name":"reorderCategories","decl":{"start":{"line":400,"column":22},"end":{"line":400,"column":39}},"loc":{"start":{"line":400,"column":50},"end":{"line":483,"column":1}},"line":400},"17":{"name":"(anonymous_17)","decl":{"start":{"line":436,"column":8},"end":{"line":436,"column":9}},"loc":{"start":{"line":436,"column":21},"end":{"line":436,"column":77}},"line":436},"18":{"name":"(anonymous_18)","decl":{"start":{"line":453,"column":11},"end":{"line":453,"column":12}},"loc":{"start":{"line":453,"column":24},"end":{"line":453,"column":69}},"line":453},"19":{"name":"reorderCategoryItems","decl":{"start":{"line":485,"column":22},"end":{"line":485,"column":42}},"loc":{"start":{"line":485,"column":53},"end":{"line":576,"column":1}},"line":485},"20":{"name":"(anonymous_20)","decl":{"start":{"line":529,"column":8},"end":{"line":529,"column":9}},"loc":{"start":{"line":529,"column":21},"end":{"line":529,"column":77}},"line":529},"21":{"name":"(anonymous_21)","decl":{"start":{"line":546,"column":11},"end":{"line":546,"column":12}},"loc":{"start":{"line":546,"column":24},"end":{"line":546,"column":69}},"line":546},"22":{"name":"getFeaturedItems","decl":{"start":{"line":578,"column":22},"end":{"line":578,"column":38}},"loc":{"start":{"line":578,"column":49},"end":{"line":610,"column":1}},"line":578},"23":{"name":"(anonymous_23)","decl":{"start":{"line":595,"column":32},"end":{"line":595,"column":33}},"loc":{"start":{"line":595,"column":40},"end":{"line":603,"column":5}},"line":595},"24":{"name":"removeUndefined","decl":{"start":{"line":612,"column":9},"end":{"line":612,"column":24}},"loc":{"start":{"line":612,"column":33},"end":{"line":616,"column":1}},"line":612},"25":{"name":"(anonymous_25)","decl":{"start":{"line":614,"column":34},"end":{"line":614,"column":35}},"loc":{"start":{"line":614,"column":52},"end":{"line":614,"column":71}},"line":614}},"branchMap":{"0":{"loc":{"start":{"line":41,"column":17},"end":{"line":41,"column":32}},"type":"binary-expr","locations":[{"start":{"line":41,"column":17},"end":{"line":41,"column":24}},{"start":{"line":41,"column":28},"end":{"line":41,"column":32}}],"line":41},"1":{"loc":{"start":{"line":93,"column":28},"end":{"line":93,"column":54}},"type":"binary-expr","locations":[{"start":{"line":93,"column":28},"end":{"line":93,"column":46}},{"start":{"line":93,"column":50},"end":{"line":93,"column":54}}],"line":93},"2":{"loc":{"start":{"line":111,"column":4},"end":{"line":114,"column":5}},"type":"if","locations":[{"start":{"line":111,"column":4},"end":{"line":114,"column":5}},{"start":{},"end":{}}],"line":111},"3":{"loc":{"start":{"line":133,"column":4},"end":{"line":134,"column":67}},"type":"if","locations":[{"start":{"line":133,"column":4},"end":{"line":134,"column":67}},{"start":{},"end":{}}],"line":133},"4":{"loc":{"start":{"line":151,"column":4},"end":{"line":152,"column":62}},"type":"if","locations":[{"start":{"line":151,"column":4},"end":{"line":152,"column":62}},{"start":{},"end":{}}],"line":151},"5":{"loc":{"start":{"line":155,"column":4},"end":{"line":158,"column":5}},"type":"if","locations":[{"start":{"line":155,"column":4},"end":{"line":158,"column":5}},{"start":{},"end":{}}],"line":155},"6":{"loc":{"start":{"line":169,"column":4},"end":{"line":172,"column":5}},"type":"if","locations":[{"start":{"line":169,"column":4},"end":{"line":172,"column":5}},{"start":{},"end":{}}],"line":169},"7":{"loc":{"start":{"line":190,"column":4},"end":{"line":191,"column":62}},"type":"if","locations":[{"start":{"line":190,"column":4},"end":{"line":191,"column":62}},{"start":{},"end":{}}],"line":190},"8":{"loc":{"start":{"line":201,"column":4},"end":{"line":204,"column":5}},"type":"if","locations":[{"start":{"line":201,"column":4},"end":{"line":204,"column":5}},{"start":{},"end":{}}],"line":201},"9":{"loc":{"start":{"line":235,"column":4},"end":{"line":238,"column":5}},"type":"if","locations":[{"start":{"line":235,"column":4},"end":{"line":238,"column":5}},{"start":{},"end":{}}],"line":235},"10":{"loc":{"start":{"line":252,"column":37},"end":{"line":252,"column":75}},"type":"cond-expr","locations":[{"start":{"line":252,"column":51},"end":{"line":252,"column":68}},{"start":{"line":252,"column":71},"end":{"line":252,"column":75}}],"line":252},"11":{"loc":{"start":{"line":280,"column":4},"end":{"line":281,"column":67}},"type":"if","locations":[{"start":{"line":280,"column":4},"end":{"line":281,"column":67}},{"start":{},"end":{}}],"line":280},"12":{"loc":{"start":{"line":299,"column":4},"end":{"line":300,"column":62}},"type":"if","locations":[{"start":{"line":299,"column":4},"end":{"line":300,"column":62}},{"start":{},"end":{}}],"line":299},"13":{"loc":{"start":{"line":317,"column":6},"end":{"line":317,"column":75}},"type":"cond-expr","locations":[{"start":{"line":317,"column":51},"end":{"line":317,"column":55}},{"start":{"line":317,"column":58},"end":{"line":317,"column":75}}],"line":317},"14":{"loc":{"start":{"line":317,"column":6},"end":{"line":317,"column":48}},"type":"binary-expr","locations":[{"start":{"line":317,"column":6},"end":{"line":317,"column":27}},{"start":{"line":317,"column":31},"end":{"line":317,"column":48}}],"line":317},"15":{"loc":{"start":{"line":335,"column":4},"end":{"line":338,"column":5}},"type":"if","locations":[{"start":{"line":335,"column":4},"end":{"line":338,"column":5}},{"start":{},"end":{}}],"line":335},"16":{"loc":{"start":{"line":350,"column":4},"end":{"line":353,"column":5}},"type":"if","locations":[{"start":{"line":350,"column":4},"end":{"line":353,"column":5}},{"start":{},"end":{}}],"line":350},"17":{"loc":{"start":{"line":371,"column":4},"end":{"line":372,"column":62}},"type":"if","locations":[{"start":{"line":371,"column":4},"end":{"line":372,"column":62}},{"start":{},"end":{}}],"line":371},"18":{"loc":{"start":{"line":382,"column":4},"end":{"line":385,"column":5}},"type":"if","locations":[{"start":{"line":382,"column":4},"end":{"line":385,"column":5}},{"start":{},"end":{}}],"line":382},"19":{"loc":{"start":{"line":403,"column":2},"end":{"line":407,"column":3}},"type":"if","locations":[{"start":{"line":403,"column":2},"end":{"line":407,"column":3}},{"start":{},"end":{}}],"line":403},"20":{"loc":{"start":{"line":403,"column":6},"end":{"line":403,"column":61}},"type":"binary-expr","locations":[{"start":{"line":403,"column":6},"end":{"line":403,"column":33}},{"start":{"line":403,"column":37},"end":{"line":403,"column":61}}],"line":403},"21":{"loc":{"start":{"line":419,"column":4},"end":{"line":424,"column":5}},"type":"if","locations":[{"start":{"line":419,"column":4},"end":{"line":424,"column":5}},{"start":{},"end":{}}],"line":419},"22":{"loc":{"start":{"line":489,"column":2},"end":{"line":491,"column":3}},"type":"if","locations":[{"start":{"line":489,"column":2},"end":{"line":491,"column":3}},{"start":{},"end":{}}],"line":489},"23":{"loc":{"start":{"line":492,"column":2},"end":{"line":494,"column":3}},"type":"if","locations":[{"start":{"line":492,"column":2},"end":{"line":494,"column":3}},{"start":{},"end":{}}],"line":492},"24":{"loc":{"start":{"line":492,"column":6},"end":{"line":492,"column":53}},"type":"binary-expr","locations":[{"start":{"line":492,"column":6},"end":{"line":492,"column":29}},{"start":{"line":492,"column":33},"end":{"line":492,"column":53}}],"line":492},"25":{"loc":{"start":{"line":509,"column":4},"end":{"line":515,"column":5}},"type":"if","locations":[{"start":{"line":509,"column":4},"end":{"line":515,"column":5}},{"start":{},"end":{}}],"line":509},"26":{"loc":{"start":{"line":600,"column":13},"end":{"line":600,"column":28}},"type":"binary-expr","locations":[{"start":{"line":600,"column":13},"end":{"line":600,"column":20}},{"start":{"line":600,"column":24},"end":{"line":600,"column":28}}],"line":600}},"s":{"0":4,"1":4,"2":3,"3":3,"4":3,"5":4,"6":3,"7":3,"8":1,"9":1,"10":3,"11":3,"12":2,"13":2,"14":2,"15":2,"16":2,"17":2,"18":1,"19":1,"20":3,"21":3,"22":3,"23":1,"24":1,"25":2,"26":1,"27":1,"28":1,"29":0,"30":1,"31":3,"32":1,"33":1,"34":4,"35":4,"36":4,"37":0,"38":4,"39":4,"40":1,"41":1,"42":3,"43":2,"44":1,"45":1,"46":1,"47":4,"48":1,"49":1,"50":3,"51":3,"52":3,"53":0,"54":3,"55":2,"56":1,"57":1,"58":1,"59":3,"60":1,"61":1,"62":6,"63":6,"64":6,"65":3,"66":3,"67":3,"68":2,"69":2,"70":6,"71":6,"72":6,"73":6,"74":11,"75":2,"76":0,"77":2,"78":6,"79":1,"80":1,"81":5,"82":5,"83":5,"84":0,"85":5,"86":5,"87":5,"88":5,"89":5,"90":5,"91":1,"92":1,"93":4,"94":5,"95":3,"96":1,"97":1,"98":2,"99":5,"100":1,"101":1,"102":3,"103":3,"104":3,"105":0,"106":3,"107":2,"108":1,"109":1,"110":1,"111":3,"112":1,"113":1,"114":5,"115":5,"116":2,"117":3,"118":3,"119":3,"120":3,"121":2,"122":1,"123":1,"124":1,"125":1,"126":1,"127":2,"128":1,"129":1,"130":2,"131":1,"132":1,"133":1,"134":5,"135":1,"136":1,"137":1,"138":3,"139":6,"140":6,"141":6,"142":1,"143":5,"144":2,"145":3,"146":3,"147":3,"148":3,"149":2,"150":1,"151":1,"152":1,"153":1,"154":1,"155":2,"156":1,"157":1,"158":2,"159":1,"160":1,"161":1,"162":6,"163":1,"164":1,"165":1,"166":3,"167":4,"168":4,"169":3,"170":2,"171":3,"172":1,"173":1,"174":7,"175":65},"f":{"0":4,"1":3,"2":4,"3":3,"4":3,"5":2,"6":2,"7":2,"8":3,"9":4,"10":3,"11":6,"12":11,"13":5,"14":5,"15":3,"16":5,"17":2,"18":2,"19":6,"20":2,"21":2,"22":4,"23":2,"24":7,"25":65},"b":{"0":[3,2],"1":[2,1],"2":[1,2],"3":[0,1],"4":[0,4],"5":[1,3],"6":[1,1],"7":[0,3],"8":[1,1],"9":[3,3],"10":[0,2],"11":[0,2],"12":[0,5],"13":[1,4],"14":[5,4],"15":[1,4],"16":[1,2],"17":[0,3],"18":[1,1],"19":[2,3],"20":[5,4],"21":[1,1],"22":[1,5],"23":[2,3],"24":[5,4],"25":[1,1],"26":[2,1]},"meta":{"lastBranch":27,"lastFunction":26,"lastStatement":176,"seen":{"f:5:22:5:29":0,"s:6:2:50:3":0,"s:8:25:12:6":1,"s:15:20:28:6":2,"s:31:22:44:7":3,"f:31:37:31:38":1,"s:31:47:44:5":4,"f:35:16:35:17":2,"s:35:23:35:47":5,"f:36:13:36:14":3,"s:36:21:43:9":6,"b:41:17:41:24:41:28:41:32":0,"s:46:4:46:50":7,"s:48:4:48:44":8,"s:49:4:49:59":9,"f:53:22:53:34":4,"s:54:2:103:3":10,"s:56:25:60:6":11,"s:63:20:77:6":12,"s:80:22:97:7":13,"f:80:37:80:38":5,"s:80:47:97:5":14,"f:84:16:84:17":6,"s:84:23:84:47":15,"f:85:13:85:14":7,"s:85:21:96:9":16,"b:93:28:93:46:93:50:93:54":1,"s:99:4:99:50":17,"s:101:4:101:50":18,"s:102:4:102:65":19,"f:106:22:106:33":8,"s:107:2:145:3":20,"s:108:21:108:29":21,"b:111:4:114:5:undefined:undefined:undefined:undefined":2,"s:111:4:114:5":22,"s:112:6:112:69":23,"s:113:6:113:13":24,"s:117:23:120:6":25,"s:121:20:121:45":26,"s:124:21:130:5":27,"b:133:4:134:67:undefined:undefined:undefined:undefined":3,"s:133:4:134:67":28,"s:134:6:134:67":29,"s:135:3:140:6":30,"s:141:4:141:58":31,"s:143:4:143:53":32,"s:144:4:144:61":33,"f:148:22:148:34":9,"s:149:2:184:3":34,"s:150:15:150:28":35,"b:151:4:152:62:undefined:undefined:undefined:undefined":4,"s:151:4:152:62":36,"s:152:6:152:62":37,"s:153:21:153:29":38,"b:155:4:158:5:undefined:undefined:undefined:undefined":5,"s:155:4:158:5":39,"s:156:6:156:68":40,"s:157:6:157:13":41,"s:160:21:167:5":42,"b:169:4:172:5:undefined:undefined:undefined:undefined":6,"s:169:4:172:5":43,"s:170:6:170:79":44,"s:171:6:171:13":45,"s:174:3:179:6":46,"s:180:4:180:39":47,"s:182:4:182:54":48,"s:183:4:183:62":49,"f:187:22:187:36":10,"s:188:2:216:3":50,"s:189:15:189:28":51,"b:190:4:191:62:undefined:undefined:undefined:undefined":7,"s:190:4:191:62":52,"s:191:6:191:62":53,"s:193:21:199:5":54,"b:201:4:204:5:undefined:undefined:undefined:undefined":8,"s:201:4:204:5":55,"s:202:6:202:79":56,"s:203:6:203:13":57,"s:206:3:211:6":58,"s:212:4:212:27":59,"s:214:4:214:56":60,"s:215:4:215:63":61,"f:219:22:219:29":11,"s:220:2:292:3":62,"s:232:8:232:16":63,"b:235:4:238:5:undefined:undefined:undefined:undefined":9,"s:235:4:238:5":64,"s:236:6:236:69":65,"s:237:6:237:13":66,"s:241:23:248:5":67,"s:249:20:249:45":68,"s:252:37:252:75":69,"b:252:51:252:68:252:71:252:75":10,"s:255:20:266:6":70,"s:267:17:267:37":71,"s:268:19:268:41":72,"s:271:21:277:5":73,"f:274:25:274:26":12,"s:274:31:274:34":74,"b:280:4:281:67:undefined:undefined:undefined:undefined":11,"s:280:4:281:67":75,"s:281:6:281:67":76,"s:282:3:287:6":77,"s:288:4:288:58":78,"s:290:4:290:49":79,"s:291:4:291:57":80,"f:295:22:295:30":13,"s:296:2:365:3":81,"s:298:15:298:28":82,"b:299:4:300:62:undefined:undefined:undefined:undefined":12,"s:299:4:300:62":83,"s:300:6:300:62":84,"s:313:8:313:16":85,"s:317:6:317:75":86,"b:317:51:317:55:317:58:317:75":13,"b:317:6:317:27:317:31:317:48":14,"s:320:20:330:6":87,"s:331:17:331:37":88,"s:332:19:332:41":89,"b:335:4:338:5:undefined:undefined:undefined:undefined":15,"s:335:4:338:5":90,"s:336:6:336:68":91,"s:337:6:337:13":92,"s:341:21:348:5":93,"f:344:21:344:22":14,"s:344:30:344:42":94,"b:350:4:353:5:undefined:undefined:undefined:undefined":16,"s:350:4:353:5":95,"s:351:6:351:79":96,"s:352:6:352:13":97,"s:355:3:360:6":98,"s:361:4:361:39":99,"s:363:4:363:50":100,"s:364:4:364:58":101,"f:368:22:368:32":15,"s:369:2:397:3":102,"s:370:15:370:28":103,"b:371:4:372:62:undefined:undefined:undefined:undefined":17,"s:371:4:372:62":104,"s:372:6:372:62":105,"s:374:21:380:5":106,"b:382:4:385:5:undefined:undefined:undefined:undefined":18,"s:382:4:385:5":107,"s:383:6:383:79":108,"s:384:6:384:13":109,"s:387:3:392:6":110,"s:393:4:393:27":111,"s:395:4:395:52":112,"s:396:4:396:59":113,"f:400:22:400:39":16,"s:401:26:401:34":114,"b:403:2:407:3:undefined:undefined:undefined:undefined":19,"s:403:2:407:3":115,"b:403:6:403:33:403:37:403:61":20,"s:404:4:406:64":116,"s:409:15:409:41":117,"s:410:2:482:3":118,"s:411:4:411:34":119,"s:414:23:417:5":120,"b:419:4:424:5:undefined:undefined:undefined:undefined":21,"s:419:4:424:5":121,"s:420:6:420:28":122,"s:421:6:423:65":123,"s:426:23:431:5":124,"s:432:21:432:67":125,"s:434:24:438:16":126,"f:436:8:436:9":17,"s:436:21:436:77":127,"s:440:4:450:6":128,"s:452:25:454:16":129,"f:453:11:453:12":18,"s:453:24:453:69":130,"s:456:4:466:6":131,"s:468:4:468:24":132,"s:469:3:474:6":133,"s:475:4:475:34":134,"s:477:4:477:26":135,"s:478:4:478:51":136,"s:479:4:479:75":137,"s:481:4:481:19":138,"f:485:22:485:42":19,"s:486:25:486:35":139,"s:487:22:487:30":140,"b:489:2:491:3:undefined:undefined:undefined:undefined":22,"s:489:2:491:3":141,"s:490:4:490:69":142,"b:492:2:494:3:undefined:undefined:undefined:undefined":23,"s:492:2:494:3":143,"b:492:6:492:29:492:33:492:53":24,"s:493:4:493:80":144,"s:496:15:496:41":145,"s:497:2:575:3":146,"s:498:4:498:34":147,"s:500:23:507:5":148,"b:509:4:515:5:undefined:undefined:undefined:undefined":25,"s:509:4:515:5":149,"s:510:6:510:28":150,"s:511:6:514:9":151,"s:517:23:524:5":152,"s:525:21:525:63":153,"s:527:24:531:16":154,"f:529:8:529:9":20,"s:529:21:529:77":155,"s:533:4:543:6":156,"s:545:25:547:16":157,"f:546:11:546:12":21,"s:546:24:546:69":158,"s:549:4:559:6":159,"s:561:4:561:24":160,"s:562:3:567:6":161,"s:568:4:568:34":162,"s:570:4:570:26":163,"s:571:4:571:54":164,"s:572:4:572:70":165,"s:574:4:574:19":166,"f:578:22:578:38":22,"s:579:2:609:3":167,"s:580:20:593:6":168,"s:595:22:603:7":169,"f:595:32:595:33":23,"s:595:40:603:5":170,"b:600:13:600:20:600:24:600:28":26,"s:605:4:605:35":171,"s:607:4:607:54":172,"s:608:4:608:69":173,"f:612:9:612:24":24,"s:613:2:615:4":174,"f:614:34:614:35":25,"s:614:52:614:71":175}}}
,"C:\\Users\\david\\sen_project\\Pho-City-Website\\backend\\src\\controllers\\uploadController.js": {"path":"C:\\Users\\david\\sen_project\\Pho-City-Website\\backend\\src\\controllers\\uploadController.js","statementMap":{"0":{"start":{"line":4,"column":25},"end":{"line":4,"column":59}},"1":{"start":{"line":5,"column":22},"end":{"line":5,"column":63}},"2":{"start":{"line":6,"column":17},"end":{"line":6,"column":32}},"3":{"start":{"line":9,"column":2},"end":{"line":45,"column":3}},"4":{"start":{"line":10,"column":20},"end":{"line":10,"column":37}},"5":{"start":{"line":11,"column":4},"end":{"line":15,"column":5}},"6":{"start":{"line":12,"column":6},"end":{"line":14,"column":83}},"7":{"start":{"line":17,"column":17},"end":{"line":17,"column":25}},"8":{"start":{"line":18,"column":4},"end":{"line":20,"column":5}},"9":{"start":{"line":19,"column":6},"end":{"line":19,"column":65}},"10":{"start":{"line":22,"column":4},"end":{"line":26,"column":5}},"11":{"start":{"line":23,"column":6},"end":{"line":25,"column":77}},"12":{"start":{"line":28,"column":4},"end":{"line":32,"column":5}},"13":{"start":{"line":29,"column":6},"end":{"line":31,"column":65}},"14":{"start":{"line":34,"column":22},"end":{"line":36,"column":20}},"15":{"start":{"line":37,"column":16},"end":{"line":37,"column":55}},"16":{"start":{"line":39,"column":16},"end":{"line":39,"column":65}},"17":{"start":{"line":41,"column":4},"end":{"line":41,"column":22}},"18":{"start":{"line":43,"column":4},"end":{"line":43,"column":40}},"19":{"start":{"line":44,"column":4},"end":{"line":44,"column":53}},"20":{"start":{"line":49,"column":2},"end":{"line":58,"column":3}},"21":{"start":{"line":50,"column":20},"end":{"line":50,"column":37}},"22":{"start":{"line":52,"column":6},"end":{"line":52,"column":72}},"23":{"start":{"line":53,"column":18},"end":{"line":53,"column":42}},"24":{"start":{"line":54,"column":4},"end":{"line":54,"column":24}},"25":{"start":{"line":56,"column":4},"end":{"line":56,"column":38}},"26":{"start":{"line":57,"column":4},"end":{"line":57,"column":60}},"27":{"start":{"line":62,"column":2},"end":{"line":78,"column":3}},"28":{"start":{"line":63,"column":20},"end":{"line":63,"column":28}},"29":{"start":{"line":64,"column":4},"end":{"line":66,"column":5}},"30":{"start":{"line":65,"column":6},"end":{"line":65,"column":64}},"31":{"start":{"line":68,"column":20},"end":{"line":68,"column":37}},"32":{"start":{"line":69,"column":4},"end":{"line":71,"column":5}},"33":{"start":{"line":70,"column":6},"end":{"line":70,"column":60}},"34":{"start":{"line":73,"column":4},"end":{"line":73,"column":28}},"35":{"start":{"line":74,"column":4},"end":{"line":74,"column":27}},"36":{"start":{"line":76,"column":4},"end":{"line":76,"column":40}},"37":{"start":{"line":77,"column":4},"end":{"line":77,"column":62}}},"fnMap":{"0":{"name":"handleUpload","decl":{"start":{"line":8,"column":22},"end":{"line":8,"column":34}},"loc":{"start":{"line":8,"column":45},"end":{"line":46,"column":1}},"line":8},"1":{"name":"handleList","decl":{"start":{"line":48,"column":22},"end":{"line":48,"column":32}},"loc":{"start":{"line":48,"column":43},"end":{"line":59,"column":1}},"line":48},"2":{"name":"handleDelete","decl":{"start":{"line":61,"column":22},"end":{"line":61,"column":34}},"loc":{"start":{"line":61,"column":45},"end":{"line":79,"column":1}},"line":61}},"branchMap":{"0":{"loc":{"start":{"line":11,"column":4},"end":{"line":15,"column":5}},"type":"if","locations":[{"start":{"line":11,"column":4},"end":{"line":15,"column":5}},{"start":{},"end":{}}],"line":11},"1":{"loc":{"start":{"line":11,"column":8},"end":{"line":11,"column":55}},"type":"binary-expr","locations":[{"start":{"line":11,"column":8},"end":{"line":11,"column":16}},{"start":{"line":11,"column":20},"end":{"line":11,"column":55}}],"line":11},"2":{"loc":{"start":{"line":18,"column":4},"end":{"line":20,"column":5}},"type":"if","locations":[{"start":{"line":18,"column":4},"end":{"line":20,"column":5}},{"start":{},"end":{}}],"line":18},"3":{"loc":{"start":{"line":22,"column":4},"end":{"line":26,"column":5}},"type":"if","locations":[{"start":{"line":22,"column":4},"end":{"line":26,"column":5}},{"start":{},"end":{}}],"line":22},"4":{"loc":{"start":{"line":28,"column":4},"end":{"line":32,"column":5}},"type":"if","locations":[{"start":{"line":28,"column":4},"end":{"line":32,"column":5}},{"start":{},"end":{}}],"line":28},"5":{"loc":{"start":{"line":52,"column":6},"end":{"line":52,"column":72}},"type":"cond-expr","locations":[{"start":{"line":52,"column":54},"end":{"line":52,"column":67}},{"start":{"line":52,"column":70},"end":{"line":52,"column":72}}],"line":52},"6":{"loc":{"start":{"line":52,"column":6},"end":{"line":52,"column":51}},"type":"binary-expr","locations":[{"start":{"line":52,"column":6},"end":{"line":52,"column":13}},{"start":{"line":52,"column":17},"end":{"line":52,"column":51}}],"line":52},"7":{"loc":{"start":{"line":64,"column":4},"end":{"line":66,"column":5}},"type":"if","locations":[{"start":{"line":64,"column":4},"end":{"line":66,"column":5}},{"start":{},"end":{}}],"line":64},"8":{"loc":{"start":{"line":64,"column":8},"end":{"line":64,"column":39}},"type":"binary-expr","locations":[{"start":{"line":64,"column":8},"end":{"line":64,"column":12}},{"start":{"line":64,"column":16},"end":{"line":64,"column":39}}],"line":64},"9":{"loc":{"start":{"line":69,"column":4},"end":{"line":71,"column":5}},"type":"if","locations":[{"start":{"line":69,"column":4},"end":{"line":71,"column":5}},{"start":{},"end":{}}],"line":69}},"s":{"0":1,"1":1,"2":1,"3":15,"4":15,"5":15,"6":2,"7":13,"8":13,"9":1,"10":12,"11":1,"12":11,"13":1,"14":10,"15":10,"16":10,"17":9,"18":1,"19":1,"20":4,"21":4,"22":4,"23":4,"24":3,"25":1,"26":1,"27":9,"28":9,"29":9,"30":2,"31":7,"32":7,"33":1,"34":6,"35":5,"36":1,"37":1},"f":{"0":15,"1":4,"2":9},"b":{"0":[2,13],"1":[15,14],"2":[1,12],"3":[1,11],"4":[1,10],"5":[2,2],"6":[4,3],"7":[2,7],"8":[9,8],"9":[1,6]},"meta":{"lastBranch":10,"lastFunction":3,"lastStatement":38,"seen":{"s:4:25:4:59":0,"s:5:22:5:63":1,"s:6:17:6:32":2,"f:8:22:8:34":0,"s:9:2:45:3":3,"s:10:20:10:37":4,"b:11:4:15:5:undefined:undefined:undefined:undefined":0,"s:11:4:15:5":5,"b:11:8:11:16:11:20:11:55":1,"s:12:6:14:83":6,"s:17:17:17:25":7,"b:18:4:20:5:undefined:undefined:undefined:undefined":2,"s:18:4:20:5":8,"s:19:6:19:65":9,"b:22:4:26:5:undefined:undefined:undefined:undefined":3,"s:22:4:26:5":10,"s:23:6:25:77":11,"b:28:4:32:5:undefined:undefined:undefined:undefined":4,"s:28:4:32:5":12,"s:29:6:31:65":13,"s:34:22:36:20":14,"s:37:16:37:55":15,"s:39:16:39:65":16,"s:41:4:41:22":17,"s:43:4:43:40":18,"s:44:4:44:53":19,"f:48:22:48:32":1,"s:49:2:58:3":20,"s:50:20:50:37":21,"s:52:6:52:72":22,"b:52:54:52:67:52:70:52:72":5,"b:52:6:52:13:52:17:52:51":6,"s:53:18:53:42":23,"s:54:4:54:24":24,"s:56:4:56:38":25,"s:57:4:57:60":26,"f:61:22:61:34":2,"s:62:2:78:3":27,"s:63:20:63:28":28,"b:64:4:66:5:undefined:undefined:undefined:undefined":7,"s:64:4:66:5":29,"b:64:8:64:12:64:16:64:39":8,"s:65:6:65:64":30,"s:68:20:68:37":31,"b:69:4:71:5:undefined:undefined:undefined:undefined":9,"s:69:4:71:5":32,"s:70:6:70:60":33,"s:73:4:73:28":34,"s:74:4:74:27":35,"s:76:4:76:40":36,"s:77:4:77:62":37}}}
,"C:\\Users\\david\\sen_project\\Pho-City-Website\\backend\\src\\db\\connect_db.js": {"path":"C:\\Users\\david\\sen_project\\Pho-City-Website\\backend\\src\\db\\connect_db.js","statementMap":{"0":{"start":{"line":5,"column":0},"end":{"line":5,"column":null}},"1":{"start":{"line":7,"column":20},"end":{"line":21,"column":12}}},"fnMap":{},"branchMap":{"0":{"loc":{"start":{"line":13,"column":10},"end":{"line":13,"column":45}},"type":"binary-expr","locations":[{"start":{"line":13,"column":10},"end":{"line":13,"column":37}},{"start":{"line":13,"column":41},"end":{"line":13,"column":45}}],"line":13},"1":{"loc":{"start":{"line":14,"column":20},"end":{"line":14,"column":70}},"type":"binary-expr","locations":[{"start":{"line":14,"column":20},"end":{"line":14,"column":61}},{"start":{"line":14,"column":65},"end":{"line":14,"column":70}}],"line":14},"2":{"loc":{"start":{"line":16,"column":21},"end":{"line":16,"column":66}},"type":"binary-expr","locations":[{"start":{"line":16,"column":21},"end":{"line":16,"column":60}},{"start":{"line":16,"column":64},"end":{"line":16,"column":66}}],"line":16}},"s":{"0":1,"1":1},"f":{},"b":{"0":[1,0],"1":[1,1],"2":[1,1]},"meta":{"lastBranch":3,"lastFunction":0,"lastStatement":2,"seen":{"s:5:0:5:Infinity":0,"s:7:20:21:12":1,"b:13:10:13:37:13:41:13:45":0,"b:14:20:14:61:14:65:14:70":1,"b:16:21:16:60:16:64:16:66":2}}}
,"C:\\Users\\david\\sen_project\\Pho-City-Website\\backend\\src\\middleware\\requireAdmin.js": {"path":"C:\\Users\\david\\sen_project\\Pho-City-Website\\backend\\src\\middleware\\requireAdmin.js","statementMap":{"0":{"start":{"line":3,"column":2},"end":{"line":5,"column":3}},"1":{"start":{"line":4,"column":4},"end":{"line":4,"column":64}},"2":{"start":{"line":7,"column":2},"end":{"line":9,"column":3}},"3":{"start":{"line":8,"column":4},"end":{"line":8,"column":68}},"4":{"start":{"line":11,"column":2},"end":{"line":11,"column":9}}},"fnMap":{"0":{"name":"requireAdmin","decl":{"start":{"line":2,"column":16},"end":{"line":2,"column":28}},"loc":{"start":{"line":2,"column":45},"end":{"line":12,"column":1}},"line":2}},"branchMap":{"0":{"loc":{"start":{"line":3,"column":2},"end":{"line":5,"column":3}},"type":"if","locations":[{"start":{"line":3,"column":2},"end":{"line":5,"column":3}},{"start":{},"end":{}}],"line":3},"1":{"loc":{"start":{"line":7,"column":2},"end":{"line":9,"column":3}},"type":"if","locations":[{"start":{"line":7,"column":2},"end":{"line":9,"column":3}},{"start":{},"end":{}}],"line":7}},"s":{"0":11,"1":1,"2":10,"3":9,"4":1},"f":{"0":11},"b":{"0":[1,10],"1":[9,1]},"meta":{"lastBranch":2,"lastFunction":1,"lastStatement":5,"seen":{"f:2:16:2:28":0,"b:3:2:5:3:undefined:undefined:undefined:undefined":0,"s:3:2:5:3":0,"s:4:4:4:64":1,"b:7:2:9:3:undefined:undefined:undefined:undefined":1,"s:7:2:9:3":2,"s:8:4:8:68":3,"s:11:2:11:9":4}}}
,"C:\\Users\\david\\sen_project\\Pho-City-Website\\backend\\src\\middleware\\requireAuth.js": {"path":"C:\\Users\\david\\sen_project\\Pho-City-Website\\backend\\src\\middleware\\requireAuth.js","statementMap":{"0":{"start":{"line":6,"column":30},"end":{"line":6,"column":39}},"1":{"start":{"line":8,"column":19},"end":{"line":8,"column":41}},"2":{"start":{"line":9,"column":0},"end":{"line":11,"column":null}},"3":{"start":{"line":10,"column":2},"end":{"line":10,"column":null}},"4":{"start":{"line":14,"column":2},"end":{"line":16,"column":null}},"5":{"start":{"line":15,"column":4},"end":{"line":15,"column":null}},"6":{"start":{"line":20,"column":2},"end":{"line":20,"column":null}},"7":{"start":{"line":24,"column":2},"end":{"line":40,"column":null}},"8":{"start":{"line":25,"column":18},"end":{"line":25,"column":35}},"9":{"start":{"line":27,"column":4},"end":{"line":29,"column":null}},"10":{"start":{"line":28,"column":6},"end":{"line":28,"column":null}},"11":{"start":{"line":31,"column":4},"end":{"line":33,"column":null}},"12":{"start":{"line":32,"column":6},"end":{"line":32,"column":null}},"13":{"start":{"line":35,"column":20},"end":{"line":35,"column":49}},"14":{"start":{"line":36,"column":4},"end":{"line":36,"column":null}},"15":{"start":{"line":37,"column":4},"end":{"line":37,"column":null}},"16":{"start":{"line":39,"column":4},"end":{"line":39,"column":null}}},"fnMap":{"0":{"name":"blacklistToken","decl":{"start":{"line":13,"column":16},"end":{"line":13,"column":30}},"loc":{"start":{"line":13,"column":38},"end":{"line":17,"column":null}},"line":13},"1":{"name":"isTokenBlacklisted","decl":{"start":{"line":19,"column":16},"end":{"line":19,"column":34}},"loc":{"start":{"line":19,"column":42},"end":{"line":21,"column":null}},"line":19},"2":{"name":"requireAuth","decl":{"start":{"line":23,"column":16},"end":{"line":23,"column":27}},"loc":{"start":{"line":23,"column":44},"end":{"line":41,"column":null}},"line":23}},"branchMap":{"0":{"loc":{"start":{"line":9,"column":0},"end":{"line":11,"column":null}},"type":"if","locations":[{"start":{"line":9,"column":0},"end":{"line":11,"column":null}},{"start":{},"end":{}}],"line":9},"1":{"loc":{"start":{"line":14,"column":2},"end":{"line":16,"column":null}},"type":"if","locations":[{"start":{"line":14,"column":2},"end":{"line":16,"column":null}},{"start":{},"end":{}}],"line":14},"2":{"loc":{"start":{"line":27,"column":4},"end":{"line":29,"column":null}},"type":"if","locations":[{"start":{"line":27,"column":4},"end":{"line":29,"column":null}},{"start":{},"end":{}}],"line":27},"3":{"loc":{"start":{"line":31,"column":4},"end":{"line":33,"column":null}},"type":"if","locations":[{"start":{"line":31,"column":4},"end":{"line":33,"column":null}},{"start":{},"end":{}}],"line":31}},"s":{"0":1,"1":1,"2":1,"3":0,"4":4,"5":2,"6":1,"7":4,"8":4,"9":4,"10":1,"11":3,"12":1,"13":2,"14":2,"15":2,"16":1},"f":{"0":4,"1":1,"2":4},"b":{"0":[0,1],"1":[2,2],"2":[1,3],"3":[1,2]},"meta":{"lastBranch":4,"lastFunction":3,"lastStatement":17,"seen":{"s:6:30:6:39":0,"s:8:19:8:41":1,"b:9:0:11:Infinity:undefined:undefined:undefined:undefined":0,"s:9:0:11:Infinity":2,"s:10:2:10:Infinity":3,"f:13:16:13:30":0,"b:14:2:16:Infinity:undefined:undefined:undefined:undefined":1,"s:14:2:16:Infinity":4,"s:15:4:15:Infinity":5,"f:19:16:19:34":1,"s:20:2:20:Infinity":6,"f:23:16:23:27":2,"s:24:2:40:Infinity":7,"s:25:18:25:35":8,"b:27:4:29:Infinity:undefined:undefined:undefined:undefined":2,"s:27:4:29:Infinity":9,"s:28:6:28:Infinity":10,"b:31:4:33:Infinity:undefined:undefined:undefined:undefined":3,"s:31:4:33:Infinity":11,"s:32:6:32:Infinity":12,"s:35:20:35:49":13,"s:36:4:36:Infinity":14,"s:37:4:37:Infinity":15,"s:39:4:39:Infinity":16}}}
,"C:\\Users\\david\\sen_project\\Pho-City-Website\\backend\\src\\services\\gmailService.js": {"path":"C:\\Users\\david\\sen_project\\Pho-City-Website\\backend\\src\\services\\gmailService.js","statementMap":{"0":{"start":{"line":10,"column":8},"end":{"line":19,"column":null}},"1":{"start":{"line":11,"column":29},"end":{"line":11,"column":48}},"2":{"start":{"line":12,"column":12},"end":{"line":12,"column":null}},"3":{"start":{"line":21,"column":22},"end":{"line":21,"column":37}},"4":{"start":{"line":22,"column":8},"end":{"line":22,"column":null}},"5":{"start":{"line":22,"column":18},"end":{"line":22,"column":null}},"6":{"start":{"line":23,"column":8},"end":{"line":23,"column":null}},"7":{"start":{"line":27,"column":8},"end":{"line":27,"column":null}},"8":{"start":{"line":31,"column":23},"end":{"line":34,"column":9}},"9":{"start":{"line":36,"column":8},"end":{"line":36,"column":null}},"10":{"start":{"line":36,"column":30},"end":{"line":36,"column":null}},"11":{"start":{"line":38,"column":20},"end":{"line":38,"column":27}},"12":{"start":{"line":40,"column":8},"end":{"line":46,"column":null}},"13":{"start":{"line":56,"column":12},"end":{"line":56,"column":18}},"14":{"start":{"line":58,"column":8},"end":{"line":78,"column":null}},"15":{"start":{"line":82,"column":23},"end":{"line":82,"column":55}},"16":{"start":{"line":83,"column":8},"end":{"line":83,"column":null}},"17":{"start":{"line":83,"column":21},"end":{"line":83,"column":null}},"18":{"start":{"line":85,"column":29},"end":{"line":89,"column":10}},"19":{"start":{"line":90,"column":8},"end":{"line":90,"column":null}},"20":{"start":{"line":92,"column":8},"end":{"line":97,"column":null}},"21":{"start":{"line":93,"column":12},"end":{"line":96,"column":null}},"22":{"start":{"line":99,"column":8},"end":{"line":102,"column":null}},"23":{"start":{"line":106,"column":23},"end":{"line":106,"column":45}},"24":{"start":{"line":107,"column":8},"end":{"line":107,"column":null}},"25":{"start":{"line":107,"column":21},"end":{"line":107,"column":null}},"26":{"start":{"line":109,"column":8},"end":{"line":116,"column":null}},"27":{"start":{"line":110,"column":12},"end":{"line":110,"column":null}},"28":{"start":{"line":111,"column":12},"end":{"line":113,"column":null}},"29":{"start":{"line":115,"column":12},"end":{"line":115,"column":null}},"30":{"start":{"line":118,"column":8},"end":{"line":118,"column":null}},"31":{"start":{"line":123,"column":25},"end":{"line":127,"column":10}},"32":{"start":{"line":130,"column":24},"end":{"line":132,"column":10}},"33":{"start":{"line":131,"column":12},"end":{"line":131,"column":null}},"34":{"start":{"line":134,"column":8},"end":{"line":137,"column":null}},"35":{"start":{"line":142,"column":28},"end":{"line":142,"column":123}},"36":{"start":{"line":144,"column":8},"end":{"line":182,"column":null}},"37":{"start":{"line":148,"column":29},"end":{"line":153,"column":14}},"38":{"start":{"line":156,"column":12},"end":{"line":165,"column":null}},"39":{"start":{"line":168,"column":12},"end":{"line":181,"column":null}},"40":{"start":{"line":169,"column":31},"end":{"line":169,"column":64}},"41":{"start":{"line":170,"column":16},"end":{"line":180,"column":null}},"42":{"start":{"line":185,"column":23},"end":{"line":192,"column":9}},"43":{"start":{"line":195,"column":25},"end":{"line":234,"column":11}},"44":{"start":{"line":197,"column":23},"end":{"line":197,"column":31}},"45":{"start":{"line":198,"column":12},"end":{"line":218,"column":null}},"46":{"start":{"line":200,"column":33},"end":{"line":204,"column":18}},"47":{"start":{"line":207,"column":16},"end":{"line":207,"column":null}},"48":{"start":{"line":210,"column":16},"end":{"line":217,"column":null}},"49":{"start":{"line":220,"column":12},"end":{"line":233,"column":null}},"50":{"start":{"line":236,"column":28},"end":{"line":236,"column":75}},"51":{"start":{"line":237,"column":8},"end":{"line":237,"column":null}},"52":{"start":{"line":237,"column":38},"end":{"line":237,"column":null}},"53":{"start":{"line":239,"column":27},"end":{"line":241,"column":9}},"54":{"start":{"line":240,"column":30},"end":{"line":240,"column":76}},"55":{"start":{"line":243,"column":8},"end":{"line":252,"column":null}},"56":{"start":{"line":246,"column":40},"end":{"line":246,"column":50}},"57":{"start":{"line":246,"column":69},"end":{"line":246,"column":75}},"58":{"start":{"line":250,"column":42},"end":{"line":250,"column":53}},"59":{"start":{"line":258,"column":22},"end":{"line":258,"column":24}},"60":{"start":{"line":260,"column":8},"end":{"line":260,"column":null}},"61":{"start":{"line":261,"column":8},"end":{"line":262,"column":null}},"62":{"start":{"line":261,"column":22},"end":{"line":261,"column":null}},"63":{"start":{"line":262,"column":13},"end":{"line":262,"column":null}},"64":{"start":{"line":263,"column":8},"end":{"line":263,"column":null}},"65":{"start":{"line":263,"column":21},"end":{"line":263,"column":null}},"66":{"start":{"line":264,"column":8},"end":{"line":264,"column":null}},"67":{"start":{"line":265,"column":8},"end":{"line":265,"column":null}},"68":{"start":{"line":265,"column":23},"end":{"line":265,"column":null}},"69":{"start":{"line":266,"column":8},"end":{"line":266,"column":null}},"70":{"start":{"line":266,"column":24},"end":{"line":266,"column":null}},"71":{"start":{"line":267,"column":8},"end":{"line":267,"column":null}},"72":{"start":{"line":268,"column":8},"end":{"line":268,"column":null}},"73":{"start":{"line":269,"column":8},"end":{"line":269,"column":null}},"74":{"start":{"line":271,"column":20},"end":{"line":271,"column":36}},"75":{"start":{"line":273,"column":31},"end":{"line":277,"column":31}},"76":{"start":{"line":279,"column":8},"end":{"line":285,"column":null}},"77":{"start":{"line":289,"column":8},"end":{"line":295,"column":null}},"78":{"start":{"line":299,"column":8},"end":{"line":305,"column":null}},"79":{"start":{"line":309,"column":23},"end":{"line":309,"column":72}},"80":{"start":{"line":310,"column":28},"end":{"line":310,"column":50}},"81":{"start":{"line":312,"column":25},"end":{"line":317,"column":10}},"82":{"start":{"line":318,"column":34},"end":{"line":319,"column":92}},"83":{"start":{"line":319,"column":37},"end":{"line":319,"column":85}},"84":{"start":{"line":320,"column":8},"end":{"line":320,"column":null}},"85":{"start":{"line":321,"column":8},"end":{"line":321,"column":null}},"86":{"start":{"line":321,"column":32},"end":{"line":321,"column":null}},"87":{"start":{"line":323,"column":26},"end":{"line":323,"column":88}},"88":{"start":{"line":323,"column":54},"end":{"line":323,"column":65}},"89":{"start":{"line":323,"column":76},"end":{"line":323,"column":87}},"90":{"start":{"line":325,"column":8},"end":{"line":332,"column":null}},"91":{"start":{"line":344,"column":18},"end":{"line":344,"column":33}},"92":{"start":{"line":346,"column":4},"end":{"line":346,"column":null}},"93":{"start":{"line":348,"column":4},"end":{"line":353,"column":null}},"94":{"start":{"line":349,"column":8},"end":{"line":352,"column":null}},"95":{"start":{"line":349,"column":28},"end":{"line":349,"column":null}},"96":{"start":{"line":350,"column":13},"end":{"line":352,"column":null}},"97":{"start":{"line":350,"column":33},"end":{"line":350,"column":null}},"98":{"start":{"line":351,"column":13},"end":{"line":352,"column":null}},"99":{"start":{"line":351,"column":37},"end":{"line":351,"column":null}},"100":{"start":{"line":352,"column":13},"end":{"line":352,"column":null}},"101":{"start":{"line":352,"column":36},"end":{"line":352,"column":null}},"102":{"start":{"line":354,"column":4},"end":{"line":362,"column":null}},"103":{"start":{"line":355,"column":8},"end":{"line":355,"column":null}},"104":{"start":{"line":356,"column":23},"end":{"line":356,"column":38}},"105":{"start":{"line":357,"column":8},"end":{"line":357,"column":null}},"106":{"start":{"line":358,"column":8},"end":{"line":358,"column":null}},"107":{"start":{"line":359,"column":8},"end":{"line":359,"column":null}},"108":{"start":{"line":361,"column":8},"end":{"line":361,"column":null}},"109":{"start":{"line":363,"column":4},"end":{"line":374,"column":null}},"110":{"start":{"line":364,"column":8},"end":{"line":364,"column":null}},"111":{"start":{"line":365,"column":8},"end":{"line":373,"column":null}},"112":{"start":{"line":366,"column":12},"end":{"line":366,"column":null}},"113":{"start":{"line":367,"column":12},"end":{"line":372,"column":null}},"114":{"start":{"line":368,"column":31}
[...]
"decl":{"start":{"line":255,"column":10},"end":{"line":255,"column":21}},"loc":{"start":{"line":257,"column":7},"end":{"line":286,"column":null}},"line":257},"17":{"name":"(anonymous_17)","decl":{"start":{"line":288,"column":10},"end":{"line":288,"column":18}},"loc":{"start":{"line":288,"column":29},"end":{"line":296,"column":null}},"line":288},"18":{"name":"(anonymous_18)","decl":{"start":{"line":298,"column":10},"end":{"line":298,"column":20}},"loc":{"start":{"line":298,"column":31},"end":{"line":306,"column":null}},"line":298},"19":{"name":"(anonymous_19)","decl":{"start":{"line":308,"column":10},"end":{"line":308,"column":15}},"loc":{"start":{"line":308,"column":32},"end":{"line":333,"column":null}},"line":308},"20":{"name":"(anonymous_20)","decl":{"start":{"line":319,"column":18},"end":{"line":319,"column":19}},"loc":{"start":{"line":319,"column":37},"end":{"line":319,"column":85}},"line":319},"21":{"name":"(anonymous_21)","decl":{"start":{"line":323,"column":49},"end":{"line":323,"column":50}},"loc":{"start":{"line":323,"column":54},"end":{"line":323,"column":65}},"line":323},"22":{"name":"(anonymous_22)","decl":{"start":{"line":323,"column":71},"end":{"line":323,"column":72}},"loc":{"start":{"line":323,"column":76},"end":{"line":323,"column":87}},"line":323},"23":{"name":"parseMessage","decl":{"start":{"line":337,"column":9},"end":{"line":337,"column":21}},"loc":{"start":{"line":337,"column":44},"end":{"line":388,"column":null}},"line":337},"24":{"name":"parseBody","decl":{"start":{"line":390,"column":15},"end":{"line":390,"column":24}},"loc":{"start":{"line":390,"column":30},"end":{"line":406,"column":null}},"line":390}},"branchMap":{"0":{"loc":{"start":{"line":9,"column":24},"end":{"line":9,"column":61}},"type":"default-arg","locations":[{"start":{"line":9,"column":59},"end":{"line":9,"column":61}}],"line":9},"1":{"loc":{"start":{"line":9,"column":25},"end":{"line":9,"column":42}},"type":"default-arg","locations":[{"start":{"line":9,"column":33},"end":{"line":9,"column":42}}],"line":9},"2":{"loc":{"start":{"line":9,"column":44},"end":{"line":9,"column":55}},"type":"default-arg","locations":[{"start":{"line":9,"column":51},"end":{"line":9,"column":55}}],"line":9},"3":{"loc":{"start":{"line":10,"column":8},"end":{"line":19,"column":null}},"type":"if","locations":[{"start":{"line":10,"column":8},"end":{"line":19,"column":null}},{"start":{},"end":{}}],"line":10},"4":{"loc":{"start":{"line":22,"column":8},"end":{"line":22,"column":null}},"type":"if","locations":[{"start":{"line":22,"column":8},"end":{"line":22,"column":null}},{"start":{},"end":{}}],"line":22},"5":{"loc":{"start":{"line":36,"column":8},"end":{"line":36,"column":null}},"type":"if","locations":[{"start":{"line":36,"column":8},"end":{"line":36,"column":null}},{"start":{},"end":{}}],"line":36},"6":{"loc":{"start":{"line":83,"column":8},"end":{"line":83,"column":null}},"type":"if","locations":[{"start":{"line":83,"column":8},"end":{"line":83,"column":null}},{"start":{},"end":{}}],"line":83},"7":{"loc":{"start":{"line":107,"column":8},"end":{"line":107,"column":null}},"type":"if","locations":[{"start":{"line":107,"column":8},"end":{"line":107,"column":null}},{"start":{},"end":{}}],"line":107},"8":{"loc":{"start":{"line":121,"column":23},"end":{"line":121,"column":68}},"type":"default-arg","locations":[{"start":{"line":121,"column":66},"end":{"line":121,"column":68}}],"line":121},"9":{"loc":{"start":{"line":121,"column":24},"end":{"line":121,"column":45}},"type":"default-arg","locations":[{"start":{"line":121,"column":36},"end":{"line":121,"column":45}}],"line":121},"10":{"loc":{"start":{"line":121,"column":47},"end":{"line":121,"column":62}},"type":"default-arg","locations":[{"start":{"line":121,"column":60},"end":{"line":121,"column":62}}],"line":121},"11":{"loc":{"start":{"line":140,"column":26},"end":{"line":140,"column":93}},"type":"default-arg","locations":[{"start":{"line":140,"column":91},"end":{"line":140,"column":93}}],"line":140},"12":{"loc":{"start":{"line":140,"column":27},"end":{"line":140,"column":48}},"type":"default-arg","locations":[{"start":{"line":140,"column":39},"end":{"line":140,"column":48}}],"line":140},"13":{"loc":{"start":{"line":140,"column":50},"end":{"line":140,"column":65}},"type":"default-arg","locations":[{"start":{"line":140,"column":60},"end":{"line":140,"column":65}}],"line":140},"14":{"loc":{"start":{"line":140,"column":67},"end":{"line":140,"column":87}},"type":"default-arg","locations":[{"start":{"line":140,"column":82},"end":{"line":140,"column":87}}],"line":140},"15":{"loc":{"start":{"line":144,"column":8},"end":{"line":182,"column":null}},"type":"if","locations":[{"start":{"line":144,"column":8},"end":{"line":182,"column":null}},{"start":{},"end":{}}],"line":144},"16":{"loc":{"start":{"line":144,"column":12},"end":{"line":144,"column":104}},"type":"binary-expr","locations":[{"start":{"line":144,"column":12},"end":{"line":144,"column":33}},{"start":{"line":144,"column":38},"end":{"line":144,"column":47}},{"start":{"line":144,"column":51},"end":{"line":144,"column":87}},{"start":{"line":144,"column":92},"end":{"line":144,"column":104}}],"line":144},"17":{"loc":{"start":{"line":198,"column":12},"end":{"line":218,"column":null}},"type":"if","locations":[{"start":{"line":198,"column":12},"end":{"line":218,"column":null}},{"start":{},"end":{}}],"line":198},"18":{"loc":{"start":{"line":198,"column":16},"end":{"line":198,"column":42}},"type":"binary-expr","locations":[{"start":{"line":198,"column":16},"end":{"line":198,"column":24}},{"start":{"line":198,"column":28},"end":{"line":198,"column":42}}],"line":198},"19":{"loc":{"start":{"line":236,"column":28},"end":{"line":236,"column":75}},"type":"binary-expr","locations":[{"start":{"line":236,"column":28},"end":{"line":236,"column":48}},{"start":{"line":236,"column":52},"end":{"line":236,"column":75}}],"line":236},"20":{"loc":{"start":{"line":237,"column":8},"end":{"line":237,"column":null}},"type":"if","locations":[{"start":{"line":237,"column":8},"end":{"line":237,"column":null}},{"start":{},"end":{}}],"line":237},"21":{"loc":{"start":{"line":240,"column":30},"end":{"line":240,"column":76}},"type":"cond-expr","locations":[{"start":{"line":240,"column":43},"end":{"line":240,"column":48}},{"start":{"line":240,"column":51},"end":{"line":240,"column":76}}],"line":240},"22":{"loc":{"start":{"line":240,"column":51},"end":{"line":240,"column":76}},"type":"binary-expr","locations":[{"start":{"line":240,"column":51},"end":{"line":240,"column":61}},{"start":{"line":240,"column":65},"end":{"line":240,"column":76}}],"line":240},"23":{"loc":{"start":{"line":246,"column":69},"end":{"line":246,"column":75}},"type":"binary-expr","locations":[{"start":{"line":246,"column":69},"end":{"line":246,"column":70}},{"start":{"line":246,"column":74},"end":{"line":246,"column":75}}],"line":246},"24":{"loc":{"start":{"line":256,"column":30},"end":{"line":256,"column":48}},"type":"default-arg","locations":[{"start":{"line":256,"column":39},"end":{"line":256,"column":48}}],"line":256},"25":{"loc":{"start":{"line":256,"column":50},"end":{"line":256,"column":67}},"type":"default-arg","locations":[{"start":{"line":256,"column":58},"end":{"line":256,"column":67}}],"line":256},"26":{"loc":{"start":{"line":256,"column":69},"end":{"line":256,"column":88}},"type":"default-arg","locations":[{"start":{"line":256,"column":79},"end":{"line":256,"column":88}}],"line":256},"27":{"loc":{"start":{"line":256,"column":90},"end":{"line":256,"column":110}},"type":"default-arg","locations":[{"start":{"line":256,"column":101},"end":{"line":256,"column":110}}],"line":256},"28":{"loc":{"start":{"line":256,"column":112},"end":{"line":256,"column":null}},"type":"default-arg","locations":[{"start":{"line":256,"column":121},"end":{"line":256,"column":null}}],"line":256},"29":{"loc":{"start":{"line":261,"column":8},"end":{"line":262,"column":null}},"type":"if","locations":[{"start":{"line":261,"column":8},"end":{"line":262,"column":null}},{"start":{"line":262,"column":13},"end":{"line":262,"column":null}}],"line":261},"30":{"loc":{"start":{"line":263,"column":8},"end":{"line":263,"column":null}},"type":"if","locations":[{"start":{"line":263,"column":8},"end":{"line":263,"column":null}},{"start":{},"end":{}}],"line":263},"31":{"loc":{"start":{"line":265,"column":8},"end":{"line":265,"column":null}},"type":"if","locations":[{"start":{"line":265,"column":8},"end":{"line":265,"column":null}},{"start":{},"end":{}}],"line":265},"32":{"loc":{"start":{"line":266,"column":8},"end":{"line":266,"column":null}},"type":"if","locations":[{"start":{"line":266,"column":8},"end":{"line":266,"column":null}},{"start":{},"end":{}}],"line":266},"33":{"loc":{"start":{"line":321,"column":8},"end":{"line":321,"column":null}},"type":"if","locations":[{"start":{"line":321,"column":8},"end":{"line":321,"column":null}},{"start":{},"end":{}}],"line":321},"34":{"loc":{"start":{"line":326,"column":17},"end":{"line":326,"column":64}},"type":"cond-expr","locations":[{"start":{"line":326,"column":40},"end":{"line":326,"column":49}},{"start":{"line":326,"column":52},"end":{"line":326,"column":64}}],"line":326},"35":{"loc":{"start":{"line":349,"column":8},"end":{"line":352,"column":null}},"type":"if","locations":[{"start":{"line":349,"column":8},"end":{"line":352,"column":null}},{"start":{"line":350,"column":13},"end":{"line":352,"column":null}}],"line":349},"36":{"loc":{"start":{"line":350,"column":13},"end":{"line":352,"column":null}},"type":"if","locations":[{"start":{"line":350,"column":13},"end":{"line":352,"column":null}},{"start":{"line":351,"column":13},"end":{"line":352,"column":null}}],"line":350},"37":{"loc":{"start":{"line":351,"column":13},"end":{"line":352,"column":null}},"type":"if","locations":[{"start":{"line":351,"column":13},"end":{"line":352,"column":null}},{"start":{"line":352,"column":13},"end":{"line":352,"column":null}}],"line":351},"38":{"loc":{"start":{"line":352,"column":13},"end":{"line":352,"column":null}},"type":"if","locations":[{"start":{"line":352,"column":13},"end":{"line":352,"column":null}},{"start":{},"end":{}}],"line":352},"39":{"loc":{"start":{"line":354,"column":4},"end":{"line":362,"column":null}},"type":"if","locations":[{"start":{"line":354,"column":4},"end":{"line":362,"column":null}},{"start":{"line":360,"column":11},"end":{"line":362,"column":null}}],"line":354},"40":{"loc":{"start":{"line":354,"column":8},"end":{"line":354,"column":56}},"type":"binary-expr","locations":[{"start":{"line":354,"column":8},"end":{"line":354,"column":12}},{"start":{"line":354,"column":16},"end":{"line":354,"column":34}},{"start":{"line":354,"column":38},"end":{"line":354,"column":56}}],"line":354},"41":{"loc":{"start":{"line":363,"column":4},"end":{"line":374,"column":null}},"type":"if","locations":[{"start":{"line":363,"column":4},"end":{"line":374,"column":null}},{"start":{},"end":{}}],"line":363},"42":{"loc":{"start":{"line":365,"column":8},"end":{"line":373,"column":null}},"type":"if","locations":[{"start":{"line":365,"column":8},"end":{"line":373,"column":null}},{"start":{},"end":{}}],"line":365},"43":{"loc":{"start":{"line":365,"column":12},"end":{"line":365,"column":62}},"type":"binary-expr","locations":[{"start":{"line":365,"column":12},"end":{"line":365,"column":20}},{"start":{"line":365,"column":24},"end":{"line":365,"column":62}}],"line":365},"44":{"loc":{"start":{"line":367,"column":12},"end":{"line":372,"column":null}},"type":"if","locations":[{"start":{"line":367,"column":12},"end":{"line":372,"column":null}},{"start":{},"end":{}}],"line":367},"45":{"loc":{"start":{"line":369,"column":16},"end":{"line":371,"column":null}},"type":"if","locations":[{"start":{"line":369,"column":16},"end":{"line":371,"column":null}},{"start":{},"end":{}}],"line":369},"46":{"loc":{"start":{"line":395,"column":4},"end":{"line":399,"column":null}},"type":"if","locations":[{"start":{"line":395,"column":4},"end":{"line":399,"column":null}},{"start":{"line":397,"column":11},"end":{"line":399,"column":null}}],"line":395},"47":{"loc":{"start":{"line":397,"column":11},"end":{"line":399,"column":null}},"type":"if","locations":[{"start":{"line":397,"column":11},"end":{"line":399,"column":null}},{"start":{},"end":{}}],"line":397},"48":{"loc":{"start":{"line":402,"column":4},"end":{"line":403,"column":null}},"type":"if","locations":[{"start":{"line":402,"column":4},"end":{"line":403,"column":null}},{"start":{},"end":{}}],"line":402}},"s":{"0":0,"1":0,"2":0,"3":0,"4":0,"5":0,"6":0,"7":0,"8":0,"9":0,"10":0,"11":0,"12":0,"13":0,"14":0,"15":0,"16":0,"17":0,"18":0,"19":0,"20":0,"21":0,"22":0,"23":0,"24":0,"25":0,"26":0,"27":0,"28":0,"29":0,"30":0,"31":0,"32":0,"33":0,"34":0,"35":0,"36":0,"37":0,"38":0,"39":0,"40":0,"41":0,"42":0,"43":0,"44":0,"45":0,"46":0,"47":0,"48":0,"49":0,"50":0,"51":0,"52":0,"53":0,"54":0,"55":0,"56":0,"57":0,"58":0,"59":0,"60":0,"61":0,"62":0,"63":0,"64":0,"65":0,"66":0,"67":0,"68":0,"69":0,"70":0,"71":0,"72":0,"73":0,"74":0,"75":0,"76":0,"77":0,"78":0,"79":0,"80":0,"81":0,"82":0,"83":0,"84":0,"85":0,"86":0,"87":0,"88":0,"89":0,"90":0,"91":0,"92":0,"93":0,"94":0,"95":0,"96":0,"97":0,"98":0,"99":0,"100":0,"101":0,"102":0,"103":0,"104":0,"105":0,"106":0,"107":0,"108":0,"109":0,"110":0,"111":0,"112":0,"113":0,"114":0,"115":0,"116":0,"117":0,"118":0,"119":0,"120":0,"121":0,"122":0,"123":0,"124":0,"125":0,"126":0,"127":0,"128":0,"129":0},"f":{"0":1,"1":0,"2":0,"3":0,"4":0,"5":0,"6":0,"7":0,"8":0,"9":0,"10":0,"11":0,"12":0,"13":0,"14":0,"15":0,"16":0,"17":0,"18":0,"19":0,"20":0,"21":0,"22":0,"23":0,"24":0},"b":{"0":[0],"1":[0],"2":[0],"3":[0,0],"4":[0,0],"5":[0,0],"6":[0,0],"7":[0,0],"8":[0],"9":[0],"10":[0],"11":[0],"12":[0],"13":[0],"14":[0],"15":[0,0],"16":[0,0,0,0],"17":[0,0],"18":[0,0],"19":[0,0],"20":[0,0],"21":[0,0],"22":[0,0],"23":[0,0],"24":[0],"25":[0],"26":[0],"27":[0],"28":[0],"29":[0,0],"30":[0,0],"31":[0,0],"32":[0,0],"33":[0,0],"34":[0,0],"35":[0,0],"36":[0,0],"37":[0,0],"38":[0,0],"39":[0,0],"40":[0,0,0],"41":[0,0],"42":[0,0],"43":[0,0],"44":[0,0],"45":[0,0],"46":[0,0],"47":[0,0],"48":[0,0]},"meta":{"lastBranch":49,"lastFunction":25,"lastStatement":130,"seen":{"f:9:17:9:23":0,"b:9:59:9:61":0,"b:9:33:9:42":1,"b:9:51:9:55":2,"b:10:8:19:Infinity:undefined:undefined:undefined:undefined":3,"s:10:8:19:Infinity":0,"s:11:29:11:48":1,"s:12:12:12:Infinity":2,"s:21:22:21:37":3,"b:22:8:22:Infinity:undefined:undefined:undefined:undefined":4,"s:22:8:22:Infinity":4,"s:22:18:22:Infinity":5,"s:23:8:23:Infinity":6,"f:26:4:26:15":1,"s:27:8:27:Infinity":7,"f:30:10:30:19":2,"s:31:23:34:9":8,"b:36:8:36:Infinity:undefined:undefined:undefined:undefined":5,"s:36:8:36:Infinity":9,"s:36:30:36:Infinity":10,"s:38:20:38:27":11,"s:40:8:46:Infinity":12,"f:49:10:49:20":3,"s:56:12:56:18":13,"s:58:8:78:Infinity":14,"f:81:10:81:17":4,"s:82:23:82:55":15,"b:83:8:83:Infinity:undefined:undefined:undefined:undefined":6,"s:83:8:83:Infinity":16,"s:83:21:83:Infinity":17,"s:85:29:89:10":18,"s:90:8:90:Infinity":19,"s:92:8:97:Infinity":20,"f:92:34:92:39":5,"s:93:12:96:Infinity":21,"s:99:8:102:Infinity":22,"f:105:10:105:19":6,"s:106:23:106:45":23,"b:107:8:107:Infinity:undefined:undefined:undefined:undefined":7,"s:107:8:107:Infinity":24,"s:107:21:107:Infinity":25,"s:109:8:116:Infinity":26,"s:110:12:110:Infinity":27,"s:111:12:113:Infinity":28,"s:115:12:115:Infinity":29,"s:118:8:118:Infinity":30,"f:121:10:121:22":7,"b:121:66:121:68":8,"b:121:36:121:45":9,"b:121:60:121:62":10,"s:123:25:127:10":31,"s:130:24:132:10":32,"f:130:68:130:69":8,"s:131:12:131:Infinity":33,"s:134:8:137:Infinity":34,"f:140:10:140:21":9,"b:140:91:140:93":11,"b:140:39:140:48":12,"b:140:60:140:65":13,"b:140:82:140:87":14,"s:142:28:142:123":35,"b:144:8:182:Infinity:undefined:undefined:undefined:undefined":15,"s:144:8:182:Infinity":36,"b:144:12:144:33:144:38:144:47:144:51:144:87:144:92:144:104":16,"s:148:29:153:14":37,"s:156:12:165:Infinity":38,"s:168:12:181:Infinity":39,"f:168:57:168:62":10,"s:169:31:169:64":40,"s:170:16:180:Infinity":41,"s:185:23:192:9":42,"s:195:25:234:11":43,"f:195:52:195:57":11,"s:197:23:197:31":44,"b:198:12:218:Infinity:undefined:undefined:undefined:undefined":17,"s:198:12:218:Infinity":45,"b:198:16:198:24:198:28:198:42":18,"s:200:33:204:18":46,"s:207:16:207:Infinity":47,"s:210:16:217:Infinity":48,"s:220:12:233:Infinity":49,"s:236:28:236:75":50,"b:236:28:236:48:236:52:236:75":19,"b:237:8:237:Infinity:undefined:undefined:undefined:undefined":20,"s:237:8:237:Infinity":51,"s:237:38:237:Infinity":52,"s:239:27:241:9":53,"f:240:25:240:26":12,"s:240:30:240:76":54,"b:240:43:240:48:240:51:240:76":21,"b:240:51:240:61:240:65:240:76":22,"s:243:8:252:Infinity":55,"f:246:35:246:36":13,"s:246:40:246:50":56,"f:246:59:246:60":14,"s:246:69:246:75":57,"b:246:69:246:70:246:74:246:75":23,"f:250:37:250:38":15,"s:250:42:250:53":58,"f:255:10:255:21":16,"b:256:39:256:48":24,"b:256:58:256:67":25,"b:256:79:256:88":26,"b:256:101:256:110":27,"b:256:121:256:Infinity":28,"s:258:22:258:24":59,"s:260:8:260:Infinity":60,"b:261:8:262:Infinity:262:13:262:Infinity":29,"s:261:8:262:Infinity":61,"s:261:22:261:Infinity":62,"s:262:13:262:Infinity":63,"b:263:8:263:Infinity:undefined:undefined:undefined:undefined":30,"s:263:8:263:Infinity":64,"s:263:21:263:Infinity":65,"s:264:8:264:Infinity":66,"b:265:8:265:Infinity:undefined:undefined:undefined:undefined":31,"s:265:8:265:Infinity":67,"s:265:23:265:Infinity":68,"b:266:8:266:Infinity:undefined:undefined:undefined:undefined":32,"s:266:8:266:Infinity":69,"s:266:24:266:Infinity":70,"s:267:8:267:Infinity":71,"s:268:8:268:Infinity":72,"s:269:8:269:Infinity":73,"s:271:20:271:36":74,"s:273:31:277:31":75,"s:279:8:285:Infinity":76,"f:288:10:288:18":17,"s:289:8:295:Infinity":77,"f:298:10:298:20":18,"s:299:8:305:Infinity":78,"f:308:10:308:15":19,"s:309:23:309:72":79,"s:310:28:310:50":80,"s:312:25:317:10":81,"s:318:34:319:92":82,"f:319:18:319:19":20,"s:319:37:319:85":83,"s:320:8:320:Infinity":84,"b:321:8:321:Infinity:undefined:undefined:undefined:undefined":33,"s:321:8:321:Infinity":85,"s:321:32:321:Infinity":86,"s:323:26:323:88":87,"f:323:49:323:50":21,"s:323:54:323:65":88,"f:323:71:323:72":22,"s:323:76:323:87":89,"s:325:8:332:Infinity":90,"b:326:40:326:49:326:52:326:64":34,"f:337:9:337:21":23,"s:344:18:344:33":91,"s:346:4:346:Infinity":92,"s:348:4:353:Infinity":93,"b:349:8:352:Infinity:350:13:352:Infinity":35,"s:349:8:352:Infinity":94,"s:349:28:349:Infinity":95,"b:350:13:352:Infinity:351:13:352:Infinity":36,"s:350:13:352:Infinity":96,"s:350:33:350:Infinity":97,"b:351:13:352:Infinity:352:13:352:Infinity":37,"s:351:13:352:Infinity":98,"s:351:37:351:Infinity":99,"b:352:13:352:Infinity:undefined:undefined:undefined:undefined":38,"s:352:13:352:Infinity":100,"s:352:36:352:Infinity":101,"b:354:4:362:Infinity:360:11:362:Infinity":39,"s:354:4:362:Infinity":102,"b:354:8:354:12:354:16:354:34:354:38:354:56":40,"s:355:8:355:Infinity":103,"s:356:23:356:38":104,"s:357:8:357:Infinity":105,"s:358:8:358:Infinity":106,"s:359:8:359:Infinity":107,"s:361:8:361:Infinity":108,"b:363:4:374:Infinity:undefined:undefined:undefined:undefined":41,"s:363:4:374:Infinity":109,"s:364:8:364:Infinity":110,"b:365:8:373:Infinity:undefined:undefined:undefined:undefined":42,"s:365:8:373:Infinity":111,"b:365:12:365:20:365:24:365:62":43,"s:366:12:366:Infinity":112,"b:367:12:372:Infinity:undefined:undefined:undefined:undefined":44,"s:367:12:372:Infinity":113,"s:368:31:368:84":114,"b:369:16:371:Infinity:undefined:undefined:undefined:undefined":45,"s:369:16:371:Infinity":115,"s:370:20:370:Infinity":116,"s:375:4:375:Infinity":117,"s:377:4:387:Infinity":118,"f:390:15:390:24":24,"s:391:4:391:52":119,"s:392:19:392:65":120,"s:394:15:394:17":121,"b:395:4:399:Infinity:397:11:399:Infinity":46,"s:395:4:399:Infinity":122,"s:396:8:396:Infinity":123,"b:397:11:399:Infinity:undefined:undefined:undefined:undefined":47,"s:397:11:399:Infinity":124,"s:398:8:398:Infinity":125,"s:401:4:401:Infinity":126,"b:402:4:403:Infinity:undefined:undefined:undefined:undefined":48,"s:402:4:403:Infinity":127,"s:403:8:403:Infinity":128,"s:405:4:405:Infinity":129}}}
}
